6 4494 6493 481 3050 3026 4887
6 7088 4635 3083 3058 3414 7110
8 3410 6851 3830 5888 9018 671 3190 4027
7 8189 8548 6360 7683 5783 4007 5982
8 6961 4260 206 7236 4705 2997 141 6544
7 9084 7210 332 5156 9209 2385 1880
9 7229 328 5887 5756 241 1487 3393 7812 2053
4 1866 8449 4836 2591
5 9550 2654 1475 9031 6190
12 7070 2424 7428 47 5627 5495 6313 4331 3531 3228 8662 9377
8 8213 271 6125 1201 7492 3778 5298 5903
16 3239 4511 8351 6413 6739 354 4366 7169 9027 2035 4664 9074 8109 2568 9607 1555
12 8840 2899 7975 7867 7698 7211 529 7019 3261 2095 6344 1855
14 8758 1908 8940 8379 9948 8585 9639 3466 6452 6730 399 3948 8881 8047
9 6831 5808 2957 4048 7630 2670 4567 7871 8553
13 8962 5237 2657 7572 3915 8155 415 2667 4879 949 8316 280 9287
13 4495 9137 9806 2216 7628 4595 2954 7176 1831 4651 7529 9911 9868
18 3549 6404 3865 7876 3666 1667 3082 6213 8909 8687 1891 5155 3534 857 8616 2268 686 8330
14 2135 6150 9869 6818 8059 4318 2776 9381 3155 6331 76 454 8284 7061
13 7929 726 5425 35 7208 552 1181 9070 5847 350 2931 1682 8402
17 5445 5615 9320 3490 4657 1106 617 4605 8101 9232 1197 4802 4002 9789 1383 4890 4646
15 5027 9851 1804 9680 3319 2178 7010 2275 4623 9054 9908 575 8906 3962 2430
20 1992 6849 4109 9640 596 5662 1331 4400 3165 7081 9632 9611 897 459 7817 15 1283 1073 2431 5513
14 3693 8566 326 4629 5437 3790 2846 1338 5386 10 5904 9470 1435 6960
14 7561 8376 7648 5686 6141 8298 7933 6962 1643 9303 7763 3767 262 5573
12 9752 1384 6206 3833 5593 2343 4072 4128 4314 5482 1042 6090
15 4948 6159 9631 1777 8110 6280 4256 8263 3843 4117 1429 4566 2498 1302 1159
10 6044 9306 9744 6523 6196 6272 7745 8245 9479 6527
19 24 739 7768 1843 1685 225 7096 9263 9222 7532 397 6391 5039 6179 3182 1248 9278 4075 2939
4 8773 7940 692 4471
19 1543 1605 874 135 3554 1863 9497 7558 3901 8407 4787 865 4358 4443 4688 9043 3011 1395 1626
17 9698 2106 8440 290 9819 7203 9846 1062 7778 5632 7381 2636 3145 5098 2085 6948 923
19 8559 6740 2649 9579 2648 2082 7900 5804 3574 6833 5529 3997 3241 5249 5577 9510 4950 6230 4325
4 8342 1192 1744 4321
16 4525 1194 8803 7193 3194 3181 2966 1716 2630 3163 2144 1727 1606 331 6860 9693
18 9207 2838 1564 8637 1792 2600 986 595 1169 514 715 5074 5879 2057 7796 9592 958 1000
14 8406 4546 4661 4807 7434 4372 4021 8030 3122 3829 2907 1695 8875 7482
10 6901 3640 9255 7196 7113 4353 1820 2191 9489 1546
15 9140 9463 5535 9485 9743 8194 3117 8981 4433 355 395 11 2513 2175 6517
11 7640 4959 3362 9843 6262 3748 5183 9653 9211 7027 8422
11 7965 3655 7347 9462 1743 2996 3483 3551 7121 3725 9360
13 4788 3160 2566 3605 4938 7847 7777 6407 4819 137 9006 7237 8563
15 9216 8459 248 5816 2352 1046 8595 4552 2260 1051 8815 714 1791 5705 3491
18 6952 7116 3779 119 3740 4990 7068 2330 1470 9987 9376 4232 2793 8525 4816 4715 2475 1998
18 3168 3459 3786 69 5719 6538 6580 1686 1721 9980 7822 5380 3186 3356 5134 798 7910 5067
18 6656 1625 5090 6503 4139 8742 2404 7456 4969 5684 2910 202 3597 134 9490 7627 4746 773
22 1815 1635 7631 4703 3783 4704 9564 4744 6416 3646 1448 4263 4942 8250 2955 8471 9788 9173 5355 5013 8781 1284
16 9675 8158 3068 6012 4658 6814 5366 2556 1872 4824 3039 1753 740 1690 6234 8824
22 583 7704 8573 1997 9557 3701 531 2831 2187 3434 4491 2048 6898 9333 2089 6043 5704 3455 4322 467 2029 9515
12 6541 864 8448 9620 6261 9972 4119 425 5099 8326 129 5071
20 9976 7028 4910 975 3585 9002 8236 1079 9242 5701 8990 6283 6367 1541 6915 6824 8745 3161 558 2620
3 8564 6377 7678
21 7709 3891 7465 9254 7668 7438 9604 9731 3896 4834 4866 5878 1282 4279 4549 1714 1597 9163 1382 2325 8727
24 519 7293 4170 7637 5712 3615 1845 4063 5914 6363 3977 2205 8628 6940 7743 72 6572 3171 5938 4783 4740 2267 2708 6018
18 8578 2480 3754 8746 4642 9141 6157 2844 6171 26 2447 5149 2232 2047 9279 468 1174 3367
6 8890 3752 5863 9423 1385 5478
25 677 9733 1100 502 4973 1365 1250 1583 4274 1700 5534 4278 8134 1980 7178 9270 2796 1094 5739 3674 7238 6577 6187 9331 835
18 563 8973 560 4195 40 8638 2885 2841 9319 1104 9667 5210 4323 5694 4569 7062 5401 9803
3 8670 5475 2528
19 1515 8425 2511 9487 1963 7994 1553 9928 8058 7843 6596 5101 4921 37 9368 2632 8165 2590 6753
21 1335 1784 8892 2440 6392 611 6078 4371 2240 5941 7749 6726 592 5350 5106 7378 2452 3059 5671 4600 9910
10 606 1447 499 412 7807 3072 4692 7797 3244 7581
3 700 7948 7376
16 7911 2928 8157 6021 1430 2984 883 5062 5133 9023 916 5102 8565 5793 359 8596
18 5693 3608 9072 4578 1179 6376 1450 4370 9531 192 2801 1954 2334 4908 5096 2683 8280 5147
18 1993 945 730 9757 8796 3879 6222 4532 1203 6253 1981 5640 4809 2396 333 7285 22 492
14 6160 7082 4665 9349 5597 8920 8136 5396 3320 9661 2723 1708 630 8994
9 2828 9691 3381 7962 5729 6869 4238 7767 6834
24 4679 3119 3970 4356 9963 1220 3895 3584 8904 3077 894 4144 3299 220 6812 7295 9862 7954 5051 7964 7888 7496 980 8949
16 88 5971 8447 4207 8085 7663 380 175 5792 7498 4654 6713 8571 9674 5587 7600
26 1209 7435 6786 4349 3840 4065 2693 2621 6231 4591 2631 3351 8129 2093 6707 2340 2336 2403 5414 2650 1703 2522 4510 532 8083 6603
27 2917 7287 3461 5920 3906 8854 292 9165 3326 7693 9388 2612 3075 7222 518 6036 2308 7003 8248 5736 7279 8349 221 7202 6019 4556 7410
21 2327 5332 6085 9758 1612 887 9348 7292 6996 5910 3706 2685 5843 2002 5784 5454 3175 1788 8053 455 9770
23 4058 699 8462 4153 830 5650 8273 3345 1521 7715 4714 1531 2901 6443 2 2151 7560 9780 1827 3178 9924 5612 2445
20 6670 1609 9556 3411 6316 3616 6119 9068 4798 7066 1912 8339 8111 2302 5432 8467 3600 2492 3431 6350
18 768 8073 6338 5621 1557 6216 4749 1968 4872 8505 387 8788 4052 3488 9614 9993 5398 5538
27 622 2788 6450 1326 4493 494 7971 7857 8551 2179 3854 3907 3141 484 4608 5157 1885 7449 1434 9616 570 7511 1940 9243 1808 5988 4540
24 8329 3575 5089 9628 6634 8795 1733 7342 5861 7770 4159 5041 1461 8693 6682 693 7620 3980 8360 426 9365 2638 2798 766
26 1138 8302 9282 4920 6749 3220 9202 2930 6956 3952 7187 352 6103 9221 8033 9114 6366 3672 2990 3045 4988 1786 3684 4612 9791 7773
16 6269 3849 6473 2442 992 9276 4636 9624 8603 5462 1591 1236 7999 3689 5997 7909
9 7468 362 2488 2331 3002 7803 2196 8622 5265
30 445 1593 3396 2497 506 6969 7191 2797 6268 508 1431 8312 4832 5072 8569 8127 836 4023 3023 2083 5327 5673 4670 7349 3441 1336 6010 7042 4348 7001
18 4742 6529 9401 5541 7172 3453 6133 7555 2192 30 2958 7006 8027 7506 6521 3128 1909 3588
23 9799 9649 1524 7737 32 6584 8876 2394 691 4989 1790 8026 7542 6605 1772 5537 1310 2837 9460 8829 4239 5840 1545
29 5018 3245 1697 1986 8989 3663 1676 8038 3031 1876 304 4368 9142 8361 2700 3967 6938 3344 1895 9098 503 7053 8124 2643 5148 7348 3719 9719 316
12 3629 2166 1995 1233 7380 3760 5138 436 9210 3804 9196 1939
28 4894 7891 9144 5212 3565 8768 633 8094 886 2842 4776 408 8345 9902 1926 8969 2433 4747 276 87 2392 9088 1056 4081 8611 504 7390 6365
15 8731 3579 9267 9252 7153 8972 8936 367 5206 9755 1847 4308 5331 7219 2276
10 5769 3276 7804 8394 3383 8356 1356 4054 3033 1439
28 55 4693 3092 8133 7710 9410 2857 9822 9896 2417 4014 6641 7547 8916 6772 1720 1035 1375 4579 3519 5325 2378 3727 5003 3836 3860 8098 6766
33 9313 3294 8978 3875 5602 2999 2482 6871 4326 8243 659 8820 5040 9574 7587 3449 5104 77 357 4097 8844 3074 6714 3801 3548 5609 7752 7855 6535 1074 6731 1472 9829
33 4094 3049 6068 6327 2577 8504 5088 8300 7697 7361 1348 4206 7167 3992 9919 4125 7552 733 731 195 9688 8846 9086 5277 5346 1486 8723 1091 6496 2843 7996 7611 4177
13 7119 7575 7854 3996 1373 664 2701 9854 5800 6086 6546 828 2463
33 7475 6794 4575 1640 5668 3370 645 4099 2505 6737 7316 7727 3757 3710 9420 3894 6862 3796 6436 5722 801 5921 866 5139 8041 7835 6725 5037 7977 9960 3559 7670 5225
9 719 3338 7762 118 1589 2393 959 8253 6152
25 7040 8458 3368 951 4656 7785 6247 3685 9482 4559 4898 6469 8491 6561 4874 4030 4614 4216 764 7571 6065 6348 3838 5666 805
17 4214 5034 9385 8079 6034 9710 8555 6805 2543 2547 7075 7359 7995 9787 2502 7943 4725
32 7429 2233 5049 3200 6742 2250 5601 7548 1453 4617 6098 5451 3673 5256 5201 6059 9157 809 6816 9774 5320 8050 6229 6995 6564 5634 4771 1809 2310 2862 9558 2794
19 5860 2589 1588 8536 8791 6985 9033 1745 9962 3258 1930 7712 8063 7147 6384 7281 9773 2441 6613
8 4758 3540 4196 439 5477 2041 5091 7733
14 1528 9128 9012 9297 782 5107 7682 9186 4465 4516 2974 4134 2806 8900
8 4842 4885 442 1399 9997 8043 948 2134
28 5868 5358 493 4202 4587 6182 9262 2706 6657 3499 130 6848 2722 1396 9237 1566 5168 964 3353 3730 8769 5927 2120 3252 4476 2224 4803 2845
27 5161 9974 5748 6186 7579 6967 3439 8028 9160 8446 122 2104 3973 8081 6339 3412 2484 7895 8828 2391 4780 6770 4760 3671 2822 1758 6917
9 8520 3029 9890 9951 5351 2799 2751 9293 7433
23 5716 5948 1002 3722 8911 8516 8811 8779 3474 5019 8889 8567 5468 1707 7892 1749 6249 3143 4287 7617 2200 8777 5044
25 9003 8932 7117 8835 4050 8093 982 9923 8228 6013 5116 8659 7383 6980 8822 6720 8894 6701 4598 4650 1195 2623 3107 5318 4286
30 29 9052 8902 4016 849 559 7344 6902 9729 3731 9361 2444 3201 1424 1291 4621 1446 1906 2028 5053 4146 5142 1426 5894 1607 7485 669 5790 2321 5055
26 3855 3651 9965 4826 2333 3493 7135 2291 9496 5076 3859 8895 3625 5986 1736 5530 80 1188 8625 8256 1577 49 642 4172 8959 1562
11 5245 6239 1206 7924 8428 1603 7809 4337 4332 2814 6453
14 3307 789 5377 2916 3057 1319 7071 9126 6233 4488 4022 8070 3229 231
30 1833 7230 3510 2896 9538 7386 4966 9964 230 4907 8450 133 3494 9224 7782 1119 7258 2890 1270 1691 5961 3048 1380 7083 1425 7955 4108 6093 7739 792
32 920 4781 457 2382 9419 66 7278 7746 294 7516 9882 3421 9659 5353 5364 3661 3939 7551 3700 7168 3567 2199 9351 5 5469 5065 7184 8522 3113 8707 107 8535
17 4829 5782 6211 2874 2154 1307 1154 1229 6226 4262 6180 9124 7423 7051 8948 6322 4716
25 2507 3329 6003 9562 3583 5228 6896 2320 9952 147 7078 4675 3085 4978 7340 7886 5420 4176 6617 5707 1216 2298 4759 4273 4432
10 4475 1421 8088 7813 7719 8265 8255 4909 8002 9850
16 7499 6662 873 3292 4237 3300 556 8004 8017 1821 8893 4570 7985 234 1261 5312
17 4008 19 8774 5829 4411 9750 5252 8174 2013 2211 4778 3713 274 5449 758 6458 4490
31 7957 9406 5189 7574 497 4205 6062 7903 4884 8826 4085 9208 5314 9110 5313 2563 4804 8763 2279 7385 1780 9431 5117 3303 3094 3456 3041 6401 1642 1293 1636
31 2912 8055 9559 3602 9795 9116 3818 952 9028 7562 5323 8987 6806 7689 3547 1501 3222 4357 1976 4572 7838 7917 6835 7582 3280 7290 648 5949 6087 6750 8279
30 273 7864 3601 8434 3938 2686 1245 3102 3609 8510 542 5373 8872 5976 2062 8270 6542 6697 8469 5947 5488 6852 3034 6796 2779 73 4162 4931 3984 8374
37 3030 6924 150 6710 1684 4585 2900 1352 7425 74 2164 7145 6389 8741 9292 6970 8961 678 5956 6204 889 6588 4674 2222 8466 781 132 6592 6673 2637 488 4142 5935 4568 8941 7681 7795
36 3156 9935 4833 6420 5158 1215 9466 1523 8164 7274 4406 4266 8760 2218 6866 3406 7708 4694 8833 9739 5427 5270 1822 3484 5068 8315 1950 7826 4589 3941 5429 9145 6693 6487 8008 1699
24 9449 2031 922 4643 6618 1325 516 8494 7422 4394 936 3328 4997 1342 5326 2517 8852 5165 5687 3504 3703 2940 6212 9865
28 7862 1111 422 8806 1168 1458 2875 2121 8150 3174 3269 6378 4343 2948 4168 6675 2872 654 1244 4534 3189 5595 2855 1064 6959 392 1825 7539
18 9020 842 6307 1830 4613 6526 9127 5713 8719 8753 5200 6328 3413 5762 5617 4226 2251 9569
28 585 6110 2147 6842 9164 1835 871 2108 254 2972 1096 8705 4121 5000 3908 9826 8234 9107 6525 1858 6828 1829 7251 143 5924 5814 9977 8490
7 2883 8557 7927 6922 2982 2660 2049
17 8698 3170 5307 9100 64 9195 9357 7037 9441 3454 2400 1946 943 5446 910 8152 3417
28 3025 6558 1010 6069 3116 8176 120 2270 7629 1008 1679 9474 4351 7790 9447 8347 4889 2719 4389 5772 6781 45 7885 9642 900 8499 690 5198
15 1757 8484 9495 3816 3885 8042 5799 5124 9346 3071 8139 7228 8838 5011 9711
19 568 6457 9813 9105 4520 2186 6174 6629 441 1611 5392 8837 5643 8867 108 6158 8908 4474 7881
23 6822 1512 5996 3073 4782 8831 908 8160 65 3550 8400 9026 6953 2739 1763 8946 1915 8905 8411 7559 5637 737 58
20 5934 658 5517 4225 9613 1381 2088 8287 3934 6651 407 3695 1351 8076 2775 4967 6978 845 7533 8874
29 9409 9166 1251 9830 2934 4940 3169 4089 5915 8801 3432 8511 754 4093 6774 914 909 6522 5274 9363 363 2469 8202 8971 5836 9596 6676 5334 224
14 6815 4984 3989 3632 4396 8173 2368 4528 101 5936 2070 251 750 5953
18 4637 109 368 5284 5502 2237 5463 7 6586 3013 5750 3254 810 1479 6717 6585 566 2529
26 2920 7711 965 318 5352 942 8118 8938 5100 4397 1944 3135 7046 6556 4198 748 8922 4500 8762 6394 8677 8658 1354 447 7537 2353
37 6361 5393 720 8823 3680 6101 5043 709 2045 5160 5465 4924 6821 9407 1767 9155 9355 7461 8381 2494 8362 2757 547 2427 4737 44 7667 323 5207 4611 9668 8770 4350 8690 4531 8674 9396
8 4601 8029 5480 9921 3733 3633 1003 5150
33 5086 1170 9503 601 4297 832 8191 8695 374 2652 7794 2766 3509 3173 8431 7865 1834 6042 2859 4801 8649 2971 4210 9312 1007 5775 1848 8866 6614 7568 8463 4790 4799
30 6900 4223 2539 9549 3537 2852 4756 4227 7197 8486 9073 6301 4515 9994 8140 5708 8550 600 451 8771 4936 3179 9206 452 9371 6112 1614 6096 9759 3631
32 549 7320 8786 6220 3270 9065 4123 6082 3465 2374 9694 3285 9143 6692 67 186 5421 7326 2871 2688 9855 7852 4609 227 3243 3486 5787 8276 9461 3172 9753 4292
27 4839 7140 8277 6711 977 6886 2126 5457 1048 716 544 6140 5268 4043 8264 4632 9665 6988 9663 6099 5515 9336 7831 6840 7257 6288 3402
10 4078 2942 1363 3614 2486 5825 4 1254 8211 5857
31 5335 2296 5710 3512 5234 9832 2613 1511 9132 1455 7984 5567 8159 9810 3213 3714 1933 3960 3777 9029 8885 8528 5467 7540 60 5796 925 9067 756 6242 6113
29 2429 6752 41 2305 9511 146 5724 2602 8220 8237 235 4892 614 7860 3078 5506 7352 6636 4548 7264 6990 7185 5774 913 1295 8802 9793 86 8433
33 423 1883 8979 825 8219 7190 2927 3636 9475 2044 3524 2810 388 698 8344 7798 4902 7397 6704 4191 631 5823 4864 4946 5269 6153 2656 5874 4185 6534 3576 8178 9227
18 961 5213 8370 3105 3191 2060 3435 9364 4838 1274 9840 7089 4180 349 7154 9782 9389 1088
27 474 3758 9874 1550 1102 7535 9075 8827 9089 6134 6808 2959 1907 8963 6167 78 3613 7969 5286 8476 4738 3337 1663 9775 1347 8120 3204
29 2869 5743 1869 802 6903 4953 5866 8190 8485 5009 3798 5959 9056 1979 2437 7507 2950 5635 1947 3634 5126 4943 9308 9174 7577 3158 8701 8507 616
30 4882 5990 1959 9702 1324 9647 3099 8956 5700 9167 6684 4106 6974 5763 6847 9594 6320 7970 6890 7776 5869 6702 4399 1698 8267 8589 6330 5361 9635 6060
22 9581 8699 1267 5892 6438 2059 1565 3623 1660 808 1464 890 6683 5862 4335 3004 4373 3668 3834 6511 2005 1022
27 8787 7677 2904 7554 2235 2077 5135 6346 8860 189 4074 319 7566 4533 151 5154 3027 3844 5761 3293 5788 8626 139 7377 3312 8319 4445
29 9679 1407 9412 5516 9512 1496 5913 4441 3305 4211 5526 6838 2737 6625 2850 6612 4878 1308 7699 3878 7851 1704 2188 7850 7705 763 5542 2096 9374
19 7013 9231 9718 4964 9683 1782 1405 8558 2795 1659 5555 755 9814 2046 3335 6433 9589 6258 707
11 6913 6875 419 1628 8071 2767 3718 5676 5029 2090 5063
22 1178 5815 7729 6932 3811 5163 624 2546 4971 4963 6400 6370 9899 496 6117 9413 4812 6914 9214 3734 2618 6479
17 580 9685 2198 5566 1873 9130 4017 5553 7992 5276 1490 8451 4769 9507 3787 8508 7825
10 6843 2963 2718 5867 8142 6209 762 7476 4271 7467
15 6321 9848 4473 5741 8668 653 5015 6964 7313 4416 6015 8648 2032 8122 5606
9 7227 6109 8999 2594 1301 5159 8488 1931 9172
11 6424 2426 1527 4088 7464 8478 9034 7304 3598 9664 7458
33 5324 1414 6168 7255 656 6601 2732 3098 1110 7604 377 6659 880 2710 1989 4212 7652 7897 2097 4619 7526 2249 6315 6358 6779 314 2953 1141 2521 7215 1731 1456 5848
23 6780 7357 409 210 6023 6251 6172 4236 4677 1934 6743 5658 684 1525 5605 5639 577 3020 6631 1764 6911 3310 8957
11 2418 6668 6646 6194 6768 7317 3683 1128 2908 495 7182
29 5343 3976 4299 8991 330 7479 5279 9478 7407 4456 6642 5664 9225 5080 1163 5257 9367 1936 269 8144 2647 7869 3350 9747 5855 7976 325 9918 5631
25 2061 7889 2626 1200 7567 4602 3038 8642 300 4415 4773 3570 4499 7024 2341 1747 385 4360 153 3763 8049 1661 8985 6303 5578
28 3988 1630 608 7602 3445 9527 1349 9177 8617 4045 485 4800 8798 2835 9785 4009 1471 238 4316 7454 7966 738 1183 7388 6797 6666 8561 1190
29 6607 2335 168 9289 9273 5962 2292 1166 6883 320 581 5217 5607 4512 4505 5594 3214 681 1567 1076 4684 4524 7127 6236 1938 6955 298 9350 4592
24 3444 3249 2230 718 7277 8937 4880 629 6279 1561 2933 9880 8115 1298 8354 2617 2895 9883 8387 9726 438 1645 8582 4319
27 3371 9473 8328 7243 1252 2180 5375 9570 1311 4871 4937 6548 2504 214 4547 8325 3599 7260 1730 1205 573 6992 6508 6318 4390 3887 1343
27 6466 7455 2523 9382 2967 3433 9897 6333 7806 929 7879 3473 6312 2451 1988 2655 8201 5153 4514 652 1404 5740 5203 9878 590 8375 9304
19 6002 3708 2769 7502 8926 2478 1286 4333 3917 4961 4401 7487 7669 8282 9294 302 8654 9176 2610
19 2432 4877 7779 6793 2109 5191 8775 5484 3379 8097 2918 5418 5561 8623 8639 8818 3702 6514 8147
15 3564 7553 6765 9925 1623 7545 5916 2481 2491 5596 9120 5508 1547 3589 8089
15 3555 5858 9636 9314 7759 767 872 5197 9340 6396 3998 2450 9024 9771 8556
27 9626 7104 1970 7787 5291 8665 369 7503 2867 3231 4272 517 4660 877 7099 2552 7107 8186 6759 5229 3595 2091 1390 5616 1147 7393 7375
6 5402 9459 5813 2698 5931 3825
19 554 3384 8382 9575 4409 8188 5576 6081 3909 987 9000 6238 4700 673 7524 4451 2243 1084 9716
19 1776 8020 5214 4064 4410 7685 4652 85 159 2753 5809 8239 8307 5999 4893 5180 4420 8430 623
31 6277 6139 1530 5282 4250 3051 8353 2640 9284 4249 2373 8289 4899 8544 5389 612 7417 5767 6337 4960 9959 2832 7828 2674 7980 5669 8080 3762 8898 5547 5244
30 6767 5060 5554 4285 3566 5069 9981 3364 1985 8018 2565 2397 4667 3592 9998 1624 3489 9877 3360 7160 5987 651 4367 9339 1144 1379 2886 1095 7625 6405
15 1724 5746 4867 4011 3911 5918 1021 1234 8461 5119 7035 8405 3872 9025 3347
33 5341 2714 6296 655 5240 5917 8112 1902 8151 9833 8780 5907 255 5083 5061 4919 4486 6130 8997 2358 5456 5333 5412 3959 7450 2836 4554 3518 5876 3110 5395 818 2770
19 4150 1024 8198 9705 5511 8368 9138 8667 1568 5031 7148 5278 4523 264 784 9069 6934 2879 89
22 3055 7398 5369 7580 6474 2409 3232 9836 7569 7931 3862 8871 3846 4638 366 7298 6583 6080 8138 6241 9766 4338
31 3817 3333 4084 2112 7692 7856 8737 2924 993 2525 1193 9881 1389 9077 3498 2063 4881 5140 6560 9295 9957 5266 1044 2080 148 5889 2914 7074 1677 3063 8131
25 3457 5359 9030 4666 9118 2771 8804 7118 1768 3624 7267 6622 7130 201 6077 6175 356 603 3558 4419 9764 5798 9198 2148 1055
29 5300 7114 277 2881 3420 8530 102 6989 6716 9612 7080 8373 17 7872 2137 2560 1187 1632 9122 4765 4425 787 124 2496 9660 7310 5811 6 1020
22 4855 5227 1674 428 9071 5344 6491 5356 9566 1264 6571 4365 4060 4620 8141 727 8845 3890 4303 9451 1722 8091
33 2531 1852 6255 1503 2731 6026 7162 3315 4944 7221 3476 3556 7842 2978 6290 9863 5032 2873 7753 1836 2707 9618 7084 4178 2616 9568 6411 2730 6079 8363 8503 9013 7404
15 4056 5510 128 8816 3842 8034 823 1263 6744 9021 1548 8496 9529 6899 9520
17 5902 2791 1208 1416 2309 5167 2364 6505 9534 647 2943 3087 8880 7283 1751 3749 3120
15 8175 8965 1411 8863 1918 8704 4381 605 8931 1927 5348 1653 479 3812 4955
26 1888 6199 2681 9633 9654 8128 376 7263 7216 106 7764 163 6680 8661 3776 1388 6431 6949 9807 4183 5781 7157 4580 5812 8594 5665
24 4143 1803 2184 5725 6839 5073 7650 5625 6444 5195 8060 3419 6506 6142 6388 8423 8392 6011 1903 4041 410 6035 8722 204
25 1664 6658 2401 8521 2856 2570 4035 1355 3124 1256 9019 5190 5438 9502 6667 4392 1549 185 2170 4458 2847 8865 6573 6257 7459
14 9325 3358 6154 5789 1673 8526 5618 3492 8666 535 7138 757 9906 6439
13 2576 7325 2759 3745 4484 3180 3140 9781 6944 8321 5939 6191 1038
31 394 9191 8254 1601 8187 2033 9134 6784 7761 3930 7234 2040 4470 6306 4000 9055 5321 2344 747 888 705 937 7973 526 8036 9014 3422 7702 3480 1510 5865
10 3743 2006 3821 2537 2245 6446 2981 8244 1844 7713
34 8179 400 3557 7152 853 7315 3981 5619 3314 2645 458 8366 3139 8692 4810 5925 4631 9204 8388 4757 4922 3240 9746 2830 4149 6310 9936 662 1958 8541 2421 1207 8884 9430
16 6695 190 8203 4720 7884 161 6698 1937 8500 9438 4939 2534 3824 8641 7756 7937
31 5424 8024 9469 3717 1386 3542 5453 7448 2675 934 3621 8560 9553 9754 4985 7403 6829 8810 1289 2666 2555 2493 3642 8223 7242 7405 1878 8612 2227 9131 5723
26 1105 1949 348 5557 4244 2206 5770 6375 3561 4086 9706 7462 8539 9821 9233 2489 4708 1103 9253 9437 1732 4640 5410 9608 3723 6260
15 9979 6747 8224 3921 1175 7209 7816 3746 6865 5221 4329 3028 9909 5415 3021
19 1978 3196 2455 6029 8348 7534 2220 5835 6345 2052 4768 8755 2213 5092 1666 2350 5742 6595 9577
19 1735 8021 6202 7226 6966 772 97 1004 4104 5559 7077 1275 293 7273 4974 2099 7641 3097 2273
14 3103 2079 6208 2787 6927 4593 5405 2809 5219 536 2804 2241 3341 8019
19 5885 2536 7406 9926 2992 3036 5263 3958 8597 5579 9133 9912 8631 6921 7453 1442 8278 2408 7953
17 9901 5654 212 1491 9738 9375 7595 244 4858 2898 1292 1774 680 8031 4265 7015 5571
11 8292 5991 7671 1919 1126 562 5461 3080 4364 8870 4662
19 9847 8290 8784 7312 8772 1529 9732 2567 4026 4464 4229 3563 1694 6214 7751 8532 3929 295 6494
30 6381 9347 9627 3544 4869 1647 5433 3784 826 7679 2977 9358 670 7321 4912 3979 7419 1715 9605 7032 8600 7181 6599 450 1739 7268 8100 9454 2815 8054
28 1879 4455 8410 7934 572 2434 5082 3770 382 1787 9790 7334 249 1533 2149 5832 1719 3118 5111 8633 8676 7395 2318 2998 3134 7766 343 1242
29 3442 5491 697 1655 9464 169 2473 115 4213 7573 5933 7898 8182 776 4378 4535 974 5166 4732 416 9588 1285 1374 7374 7596 797 70 421 2411
33 5192 3197 6164 199 9871 3807 6024 7916 6946 2314 799 4114 2281 9022 2153 6785 1466 1316 3955 6347 4166 3427 5560 5657 8196 6217 926 3185 472 2312 6271 4813 8910
32 6706 7020 5636 8285 5620 7883 7232 5584 921 2969 8945 9859 6114 8749 1217 9879 1953 4053 8907 5220 1124 7240 3505 1793 4174 1575 7603 6553 3792 8337 391 5248
4 6965 8426 9927 5891
18 7141 4414 209 9251 6397 6432 4218 4148 8776 3523 7427 51 7241 4841 2456 5978 5390 2897
18 3008 892 1221 9625 2952 4171 6380 2075 2025 3845 9264 8212 7615 1956 3791 443 4018 2755
17 8728 5818 3354 57 2754 4070 7519 4837 2460 834 3627 7722 5342 4641 5230 2329 8543
15 4377 666 2209 9234 4828 9328 5329 6146 613 3503 4870 9456 3864 7844 8000
30 610 9246 4815 3966 2323 1762 1746 7941 5001 5630 9800 2622 6406 728 510 2611 8297 8643 5085 1964 1608 4726 3322 6195 8685 1801 9259 9891 2888 2597
22 1794 5698 435 5779 4024 5952 7150 6319 6495 4430 3154 3000 6429 940 2155 1849 4230 9168 3928 4160 2926 626
11 5649 8412 5260 8229 5014 6463 5883 2289 9390 4049 3380
32 2465 3546 4200 7430 3022 1693 6643 3482 6593 6248 2246 1071 4856 5908 50 5966 8738 7327 3331 8336 2416 3822 5079 8132 5897 3681 3670 6624 3665 9703 4918 2509
30 6916 6189 2293 8588 6984 8035 1436 9516 2477 2272 1428 5004 3447 946 3387 3081 1277 8966 2363 3884 123 1760 4444 2195 944 2962 3945 2152 3975 6434
21 957 8435 4421 8146 6425 5012 6048 896 5838 1143 7291 7591 393 3662 2575 8457 6022 5549 4820 3611 4158
22 3253 3990 5540 640 6703 4615 704 5374 8809 9687 819 793 4730 4560 1026 8417 1321 932 8982 8606 1718 8947
29 7913 3325 7730 4130 4398 3133 8296 8266 365 538 5391 7016 7718 6733 8498 9318 9201 6928 3301 8702 7978 3923 5439 8090 3858 59 9776 9887 181
22 7928 6135 7314 8614 5187 5642 4555 1023 2533 9398 413 6637 4707 5512 5109 3369 6611 3797 9097 263 2659 8480
23 8878 2425 7662 39 8413 2065 7866 8807 2596 7402 8242 5097 1011 2283 3472 351 7031 6302 9290 4077 1652 638 5543
33 5235 8149 6155 498 4029 5690 2802 4327 9641 7564 5824 463 8620 9784 6116 173 2398 8427 2413 6227 5231 5030 3056 5078 1185 9446 6461 3871 7489 2839 2103 1247 710
30 4536 8715 6245 4245 3477 8785 9151 6907 6864 2383 561 4845 9136 7106 5880 4517 7288 2860 7056 3235 6390 1552 5130 5613 3931 5850 5592 4729 3543 7472
28 1867 6745 6762 9440 9248 6156 9849 6181 9444 1761 7939 7735 8169 4754 256 8709 2102 2003 3581 2022 7821 9540 418 6958 4994 8454 7783 6185
34 7657 4387 3334 9657 9457 3215 177 546 1943 193 4293 281 1393 8334 3536 855 198 8126 9108 985 9953 960 8180 8205 3423 6007 1403 4785 1312 3781 3218 7307 3880 1437
10 3578 5679 6610 3837 1156 6323 7057 8078 5273 1378
28 5222 5500 2973 2338 8445 5660 353 4113 3765 6223 2370 6423 4805 1783 2016 8954 632 6790 3142 2027 3223 3943 312 6045 3275 5545 2677 7460
30 6456 8104 7373 7686 3366 7276 403 1081 8984 6882 4775 6681 4012 1905 991 8304 1092 7908 2367 4380 5524 7845 5822 1080 2858 9650 5760 4695 9937 8260
18 7318 7346 5250 7065 7904 9079 5738 8006 9047 5084 4375 3324 4996 6789 9545 9417 3514 9916
21 8518 9405 6304 7102 4291 5751 6270 6484 3904 3372 6386 8814 8974 83 4251 3262 1572 9422 4669 4252 820
17 4379 7471 7546 8554 7442 4806 4544 7684 589 2069 4991 427 9010 6300 7436 3994 1569
28 9707 5727 513 5120 846 6825 5382 9950 7370 9324 4340 434 8025 8074 5958 3832 1945 2524 1851 3707 7358 9094 4284 7233 5544 329 5293 1359
20 6694 7319 3066 4141 7092 2696 9684 1862 2866 229 8825 9690 8168 4545 783 480 3950 759 3535 8862
10 9411 1090 3991 3193 9767 7781 7646 5975 6644 5376
13 303 4583 8274 4482 895 8306 1452 1473 4883 6210 3562 4186 9215
27 3692 1734 8040 950 984 6336 2527 2415 6041 4453 4625 5992 9533 8199 1990 1075 2371 5177 5330 2625 110 7023 3971 9876 5443 3965 4929
28 6689 1227 8713 3603 6856 2000 2919 6597 379 2439 6581 7510 7536 3587 1017 3355 6314 6976 3283 859 2985 6136 2704 4079 9827 1082 6533 901
29 8708 696 6455 7446 4115 2464 1587 4503 6832 1117 5105 21 1819 7819 6083 1781 9783 7354 6709 1678 1083 62 995 265 6986 6311 8332 3688 142
15 3471 8848 1218 6058 9064 751 5050 2160 8303 7951 3522 2853 2609 2019 2508
20 6403 208 9576 2355 7513 2174 9226 5372 3799 2607 275 8383 2829 543 8166 8470 3234 3088 1559 8171
14 8184 9763 4492 8066 5354 7606 7517 5407 7300 5494 1153 8163 136 7011
30 219 7451 7372 7870 3972 1910 7245 1631 9889 3669 4147 6800 7045 8401 4634 8268 4916 6920 8099 2834 5470 5980 9372 9148 4418 9338 6250 1115 1318 9860
30 5406 5875 3317 3108 1729 4481 9546 9394 7466 1101 7014 7918 5005 3 1296 537 2354 5255 6055 2012 4972 6291 5319 3349 5311 3520 9938 12 8057 9476
17 3654 5384 2189 8475 5984 1814 7623 8215 5048 7426 5316 6881 1619 9311 6073 4156 3346
24 6252 6399 8800 6746 7680 1123 4073 279 2956 2299 1629 6854 2360 8010 7815 8663 1495 6524 3440 8311 5047 5499 1923 2658
12 9888 9046 2711 5017 8747 1884 4485 7043 4006 3297 3705 7093
13 1563 6066 461 6566 8125 1922 4691 955 4242 7968 1813 9532 9536
25 6649 4537 3403 935 9180 1537 1942 3946 138 7490 4062 6888 9884 2580 1320 6129 3187 446 7480 2223 860 5831 5322 3903 3618
28 375 1013 5295 164 92 9737 81 3496 6775 3699 9378 9643 1740 283 6777 1696 7848 6299 6568 1063 7486 4721 7518 8114 1238 3126 3914 1015
26 4090 6329 3291 5417 7750 4033 5911 2762 4681 420 414 6047 7598 5397 9415 8084 3226 5275 1481 6895 5731 9942 5057 1306 675 8331
34 4071 7198 3947 6475 2651 1281 5695 3451 6237 5452 9238 7624 2601 9724 5569 2729 4460 4647 2500 8513 9386 5873 1157 3237 9580 9005 8222 5459 2671 1683 9499 8859 2300 2169
29 2519 9820 7585 2399 3795 6340 9617 2817 8378 7988 2122 8857 5556 7521 5681 8656 6509 7945 3018 8269 9978 4968 2604 3238 6968 8372 3780 6465 7112
26 2015 7097 881 9655 969 2906 7592 6905 8743 7205 7384 8933 2561 9542 8415 5518 628 6732 1712 7170 5960 4753 3863 7002 8195 3927
28 4066 315 6265 8868 9681 4786 2979 5899 8014 1391 7474 3874 9321 594 7250 9969 2282 7771 9076 4095 8712 8834 9439 2287 1127 5714 3043 4040
11 6912 5008 2989 4690 2319 7972 1327 3153 7586 1892 2724
26 8204 5112 3188 5711 1474 3418 9561 6297 1861 8819 8903 6137 9704 6332 2733 4452 5035 8443 8584 9893 1085 7932 1594 2689 4823 437
32 6807 5387 5890 5699 172 8995 1239 5951 4328 1710 1417 7987 4628 6447 1387 90 2749 7723 5349 2294 9218 9958 8927 158 9500 1164 8839 7673 2457 2253 9990 7789
24 1005 7129 8832 3739 7882 3759 649 9228 2760 4221 5670 9403 3389 9933 334 6555 5633 3517 1974 291 4192 4197 9004 3533
21 8675 2748 7248 98 4101 6647 1480 8645 3851 2234 3225 2038 1333 7424 7818 2554 8939 6931 383 56 296
5 8509 3202 5653 1478 6063
30 9619 1113 5771 2056 2937 4541 2377 1620 7829 9837 3146 3450 8105 8291 4906 2768 2004 9017 7531 7142 6792 868 4341 3626 7530 3014 4977 3819 7938 2848
19 4059 7687 4467 7483 3404 2414 149 534 7179 8318 2256 2582 9986 4945 6623 411 432 4374 9573
31 5970 8783 2742 6409 2470 127 9458 6163 979 6674 2037 2043 6203 6769 9708 924 4155 4954 9904 3096 6954 9898 1617 1337 3464 9552 7087 1191 3712 5629 398
20 3090 6654 661 4673 1723 761 6009 3729 9699 3678 6166 9197 5928 3720 5845 9007 1540 1602 3711 1300
32 222 7993 9316 4686 9042 3993 1886 5622 1595 8644 6218 9379 1639 3137 1668 361 4442 9946 7550 3217 6050 9261 1656 3815 2870 8441 9493 8964 9676 3378 6368 9736
19 4098 1973 8481 3753 2765 2756 5026 6600 6520 4814 7469 6014 2259 1658 3500 1202 8238 2210 3032
19 8102 5487 6879 2284 9835 9748 6773 1877 54 2361 1662 6057 2252 4896 4434 9129 4606 994 7649
31 3281 5113 5954 7323 9450 6357 2171 3905 7920 5247 2938 947 7195 7262 7538 7800 735 3467 373 861 9051 1616 2925 299 7350 9307 1290 6364 2238 9915 8847
23 1097 6485 1489 4717 7149 4407 7101 9250 6292 2752 4982 7868 9399 340 5791 1824 7744 3715 4501 6606 6715 1230 2773
28 1066 2324 3176 9815 6498 8955 6244 8272 2107 1799 215 2086 2713 5042 3593 171 9939 4165 8651 6351 1894 5828 644 3019 1408 6334 7059 7601
13 8587 9087 4507 3936 5531 2725 1952 5345 2423 7038 5362 5758 2208
32 741 627 4630 6128 5054 2781 6639 5170 2453 4584 586 7341 4777 9917 5600 8725 1031 5122 6543 3336 743 1131 4427 4102 5489 3942 390 131 9317 1701 6278 9329
29 5304 1651 482 1500 6615 2105 6719 1864 286 1532 6562 3501 1681 8148 5023 7351 2051 7982 7299 2295 2365 5365 8056 6124 2592 7126 749 1341 2664
32 7849 2784 9543 4404 6076 1725 711 4163 8533 3271 6064 1638 3963 9709 9269 5575 1499 2615 6072 4151 2976 2389 9343 4408 6177 2868 2880 8888 8519 20 8301 7166
12 7109 211 2288 8364 3995 8861 3407 9391 336 2449 406 2117
21 4687 9544 5025 854 233 1322 2068 9212 8841 347 4719 2317 7439 4678 7514 3886 9154 4339 2819 3698 3571
16 9563 9852 2118 95 6771 3789 9678 8523 5193 636 5481 7363 8153 9181 5979 8230
7 2278 2736 4811 2073 4057 9831 6221
22 2008 3951 6192 5777 483 3112 8615 4344 6359 1297 5709 2359 3508 7930 6531 5898 9760 4735 3612 2550 1951 8877
16 4586 5721 933 2663 8403 91 8970 967 7493 6515 8572 706 4741 1935 2410 8850
18 4309 1838 5466 3462 9947 8192 5492 5912 5328 8015 5022 7696 8501 1287 6981 906 1570 2840
9 7799 4648 3263 4558 476 8397 4013 2878 1150
29 6263 1637 7224 2605 4020 4914 1294 5238 9652 1271 1692 1598 3127 2034 3847 453 512 5877 2142 2619 6972 1149 8251 9895 424 1001 6997 7824 2163
12 1332 2520 9805 4228 9477 2217 5169 524 9229 928 8064 7206
13 489 4437 2495 6352 3047 7246 8951 3205 8968 8891 9301 5294 4599
14 9283 2538 2074 2212 7139 703 4671 3248 8714 9271 289 2007 9922 1134
21 1269 6004 9696 2167 6305 4403 9062 8062 3086 5965 6653 1172 525 4269 5753 9387 5474 7133 9281 1288 7441
19 734 1984 6410 9104 1755 8529 7642 4724 7048 1330 2054 2125 174 2583 2098 2697 3064 1137 4124
13 7716 8231 1765 5339 2347 9147 3265 401 4911 7039 9517 9796 966
34 5881 9768 1054 5732 6398 5422 1232 2661 1109 3203 7907 8506 6120 6696 8108 5243 4188 8621 9506 4369 6308 7333 160 3823 3076 4110 9727 3916 4763 1680 5460 8879 2499 8154
32 8086 3024 565 9735 5830 5045 1257 5564 6056 3007 3070 3295 7935 1029 9941 1513 4915 6478 7012 94 7306 9356 165 4633 8515 2301 5204 1400 1060 8137 557 8897
25 6633 4352 6630 3469 9299 3428 953 5519 5259 1394 2197 4100 6935 9745 4859 6754 8409 1484 5974 9058 6933 9637 1210 2271 3313
18 541 1372 1030 7666 6563 313 6893 1152 930 1246 4361 9885 4861 8384 9669 1161 9721 5020
30 6418 9595 2780 7085 1627 2741 5853 6422 5803 3675 396 4247 6677 3750 2042 2923 8299 3841 213 6490 4122 548 6281 9522 6661 5435 5264 9123 8226 807
16 5598 9996 364 3330 2789 6528 3506 736 9525 9567 3637 1120 4203 7289 2922 6467
19 7861 9090 6669 9353 381 100 4639 8324 9156 6197 1785 5127 7836 2258 9488 1454 4542 5697 8921
28 4618 6502 2143 3866 6430 2207 7256 9858 6587 6374 1016 5864 4096 6488 7132 5216 1116 2712 7330 2381 6640 1049 8358 9266 879 7069 1136 7115
21 6039 7926 5532 4092 1921 5258 3399 3361 8887 7400 6500 6295 5493 8913 927 6354 4723 8744 9484 4865 5173
33 713 9864 3949 7387 5310 9701 9823 4550 3425 4821 8293 9384 8958 2242 8778 4565 9032 9009 574 8942 4215 8684 3899 8096 5688 1043 6317 8013 1898 4479 3987 3279 8350
24 5440 3918 9274 6836 3199 378 4862 3793 7769 3507 3877 8576 8673 1818 25 5703 5624 8570 6594 7974 2326 1972 2865 6470
19 8271 5856 5507 9804 5674 3290 3062 2702 2541 788 8012 6435 2349 9332 5926 6569 7123 1350 7049
24 6724 6735 7086 7690 2140 657 7808 6460 342 6868 3635 243 4004 903 1574 9041 1615 6760 5972 2569 5416 9277 4779 4846
8 2735 8227 712 6464 5363 4697 7731 5895
33 6412 4208 4794 284 8681 4659 4607 8761 7275 2264 3210 6982 695 2994 6891 806 9597 7331 5288 2226 4900 2182 1526 6700 5095 2764 6273 4649 2286 2280 3857 8210 5125
14 9913 1186 2181 1146 884 9040 4952 4509 7052 4795 7163 4530 722 3617
31 2774 8792 5626 9712 7732 1738 5603 6930 6727 1748 3694 9798 7549 1314 1167 6880 528 2699 63 4627 6918 9115 7470 4808 5581 4504 3287 3591 5682 8717 5501
28 1273 7612 9666 8338 3375 9190 4645 6274 9975 5995 7894 7508 8562 9983 4248 1688 5919 1107 6145 4462 571 4934 6950 3184 7303 4305 6518 2544
8 8477 2297 6910 8540 126 7189 7741 3560
30 4346 7180 2642 5182 9345 8421 8882 5837 2884 4699 3247 584 8598 3277 9894 3438 4925 8162 9590 9931 6343 3084 7509 5726 236 7983 5232 8087 9834 1929
11 672 7810 8967 6349 7839 2443 7946 9971 5046 7758 7017
28 187 1228 5006 1904 1 6537 1509 2128 4347 2011 7726 4711 4851 9498 6722 771 5810 9092 8067 2572 2579 3800 5236 9600 6817 3224 7742 6127
35 9523 1860 9011 3594 9109 4792 3648 5702 6757 1069 8843 1960 8547 7271 9230 9239 3813 2584 3365 5215 7371 7199 7473 2562 4222 4402 2050 8452 5434 7481 5224 430 7335 144 3264
31 7399 4706 6200 2261 753 2653 2362 1412 1299 8830 4472 232 863 5292 4423 803 9697 6628 3195 7765 5056 9257 9648 2307 1133 9369 4731 4315 2772 2114 8453
23 5497 7186 1778 6904 6038 6728 2506 3359 3771 2168 1329 1798 4391 8295 6941 7175 5797 587 4383 5973 4047 8185 8217
21 4644 3468 105 2173 4561 9421 515 8992 6006 4289 8669 2215 8365 5820 2811 4928 2936 7688 685 3274 1006
15 3647 305 9119 5128 8317 6999 917 7159 2487 8716 9465 4927 4393 7899 9184
21 1315 817 200 6718 8419 5539 5036 7041 444 5764 3782 2909 7266 5692 5715 1027 2376 5399 8980 7906 3883
7 3167 3596 530 839 6293 1817 5370
30 8950 2512 8207 511 5656 660 4709 6850 5211 7645 6437 1516 2535 5872 4518 3416 471 205 1036 7302 6355 2127 9955 5644 5162 7183 4324 1823 2586 794
26 9670 166 2782 4003 9135 7636 4300 1859 4105 3227 5317 1519 4970 7583 5589 6687 5905 1975 2824 7338 5175 9599 5896 4901 1962 6342
36 7188 8629 2690 6000 1465 6705 8671 4958 6971 5844 6426 2248 7339 1420 8460 2715 1850 6552 8689 3545 9170 5786 3497 1440 3132 4448 5940 2030 9606 7639 182 3741 8123 7311 9334 6721
33 8420 6877 4154 665 2635 1222 3732 7477 3839 8257 8288 5302 9644 7368 3893 4312 3873 2190 6061 9584 4513 7820 7192 620 3109 4116 1669 4817 8683 8232 8923 3656 2691
10 3321 3774 5570 8389 9063 4422 6626 7784 2516 4042
13 2176 3246 7590 6632 5144 9203 973 2993 831 5179 9354 307 939
22 7064 2422 5562 7610 6513 2740 6975 5675 3010 7656 9258 6049 6690 1070 6616 2629 2786 1514 6246 6492 1837 7235
32 3869 3257 9845 8653 2551 6132 2395 1309 5070 8721 7004 9541 103 6578 2646 6691 6219 53 8322 5081 4626 5246 2628 602 5431 729 9555 5476 4277 6872 1887 2813
35 9187 5744 1955 956 9634 8575 8609 7282 6476 7103 4031 9623 4019 1810 7967 7998 6908 6861 4457 9480 3152 5785 1262 7997 8853 5754 9404 7158 3162 9427 13 1377 1173 5819 998
24 7952 3208 7379 1422 5123 9192 7296 3339 1468 8593 4947 7063 8583 4745 1657 4461 7942 1258 4182 3889 5652 3679 8001 7223
6 311 3539 6016 3286 2055 6419
20 297 1874 4449 5909 8343 7944 2960 5747 8729 2687 2202 8197 4766 7989 2145 2133 7244 2010 8797 7036
29 372 1406 8574 1518 507 4764 2673 3785 3429 5608 4426 7488 7570 5233 5558 5778 2595 3912 9448 4175 968 7589 466 4261 4563 4886 5661 8424 2964
17 3580 3148 1142 5957 1460 3054 5766 1441 1182 4588 9519 4998 5202 3641 3042 4310 247
7 6115 1438 4233 1276 2573 5174 971
29 9514 5218 3430 4107 6173 46 990 7301 8214 1364 3761 6619 5768 6451 7599 1622 4831 7408 8732 9455 5946 7780 5749 3040 2968 5977 3069 82 9472
29 7956 7329 9078 989 2639 1913 5241 4696 9812 2680 5301 7305 2479 1871 4582 4217 9428 999 7497 576 7332 2863 1542 5024 1517 4240 1204 6650 4157
15 9121 9471 9571 8172 5110 3273 9535 5930 6489 2987 2185 1497 9560 9765 8618
26 2020 9985 8464 1977 8037 8652 8851 6106 8918 912 5730 4459 2139 2995 5448 344 8068 9435 3582 3001 8206 1812 4354 9601 962 9673
36 113 3104 9586 7382 6652 6809 2304 5426 6178 1476 5305 3606 2694 5929 2861 7949 6655 4067 5565 6798 3628 5271 386 7721 3769 8751 191 4983 8468 7991 1865 598 6507 5720 4923 2225
31 2949 7156 4194 2783 5303 9949 2578 9900 8542 8953 8193 1255 3645 4330 9113 9547 9185 6483 449 7201 7584 3089 6791 5834 7437 2564 4702 8613 5884 6889 8377
16 2313 8323 4761 9524 607 3940 1211 8075 4594 7614 4317 2131 360 2337 4987 1052
22 117 8711 867 7793 1012 5464 4235 7635 6802 814 815 3242 1618 8619 7343 8455 8275 6723 2929 770 2138 5586
20 769 8489 2975 5757 6567 7253 9842 3513 5400 847 6161 9934 1911 7440 6235 8545 9091 1140 5471 1304
20 8703 1323 1121 1260 7174 7901 3530 9082 9272 1061 5272 4447 5239 6867 9818 4962 840 5817 811 5841
17 3667 1689 4863 2825 5628 1494 9505 1259 9844 8051 2229 3772 6591 1087 2130 9970 795
12 1040 8586 3541 780 6575 5287 553 6243 1067 3848 4683 7252
17 61 2436 8346 6550 9341 708 9539 7633 7122 5141 7863 8216 7834 8636 7950 5735 4241
27 2695 9452 3129 2518 6454 6402 7811 2115 1504 2315 1590 405 1882 2269 9099 7100 1881 6074 9591 9296 2157 3035 197 2219 321 8308 4243
19 9393 3236 4112 2717 4965 2557 3610 7823 9103 2851 6382 1775 9016 6878 8577 9756 8849 9467 2669
24 6783 3147 8493 4111 5094 5801 3282 4701 5852 8627 3660 2894 2255 7124 1483 9443 858 3106 4298 5659 5563 3630 522 8414
29 8640 8262 4164 4246 8856 9182 6480 578 5064 8883 7164 5527 7788 7651 8524 6827 1596 9725 3568 4755 7396 6516 2624 9178 9956 3415 3525 5296 3644
18 7463 477 3773 5955 1634 7284 1706 8914 1366 2746 3876 3151 6991 7391 207 4296 2606 2172
20 9305 1492 7355 1539 3101 4359 9548 9583 3452 8733 3526 7261 6224 1225 667 2905 7814 4951 6417 1705
7 6031 9954 6285 2593 4220 7676 1948
28 4435 7512 4848 7874 1272 3502 5409 2119 3974 833 6751 1199 2345 3323 7734 9400 3820 5490 2204 7328 1360 140 1398 5683 1599 635 1573 3259
30 5717 2123 8309 5663 1797 6512 9158 2072 7873 9992 3211 9240 6165 282 6778 800 9080 6810 7095 3926 4926 954 7597 8061 2961 5536 3922 2821 7714 9326
25 2559 8736 4184 1240 4028 5428 9761 9481 3867 4853 8864 2402 6462 4543 1709 8048 1654 9501 1675 1089 79 1086 3304 257 7833
11 1135 9366 184 4039 8003 9001 7018 6027 9049 6795 8700
19 2247 6123 6756 4830 9751 1346 9809 6589 2406 9298 8646 6820 3115 2129 5969 1226 8371 5408 7058
29 3697 3067 4502 6645 9199 3532 4270 5514 1198 3157 5486 9508 9554 6176 6105 3935 972 7047 4438 5950 5839 9061 8607 6084 9811 2158 6853 7111 2627
21 4307 2738 6741 4875 4405 7364 7411 643 2407 6699 8492 8218 7125 1265 5590 8340 486 3957 6481 8044 9999
36 6663 2603 3424 6536 266 7922 8259 9742 1644 9288 4498 2921 843 6885 6926 3121 3079 1982 6289 7786 3342 4082 2692 404 2980 2807 2877 899 8925 9432 270 431 9717 5696 2203 4622
27 2944 4255 8766 4957 6648 7239 938 490 4055 7389 6240 7626 2903 2892 8221 6504 4454 6267 2876 850 746 3978 9323 9875 5718 9146 5646
15 8395 902 5205 7557 8682 8546 4301 1129 1158 1507 6193 1462 7565 5776 7527
26 1560 3826 9602 8915 3114 9171 3802 2076 4497 7837 7515 509 4224 1875 384 9509 5943 6551 8579 7044 4728 5623 3012 4133 2113 2100
11 7401 9402 245 533 3398 4913 3657 4857 2346 6441 7146
32 84 3311 1177 7337 7840 1369 4888 2388 5021 4209 2808 2438 683 242 6604 3511 3391 8473 6184 3897 7447 2820 4577 9059 9373 4129 5591 9749 6539 5551 7356 3386
14 2316 7108 2110 5610 3691 1368 7755 6939 4718 3902 2231 3395 9740 3755
35 2571 8630 2915 9286 1508 9872 9537 2745 1846 8869 5033 121 8952 4734 4539 9322 3256 8873 5419 3481 6660 829 9468 6017 9414 7644 9217 6046 8046 4189 1576 8327 5077 1805 702
14 2986 6884 3017 7444 5103 9932 5010 7878 2728 5521 4193 3687 5821 8069
25 3696 9392 821 2558 2156 8103 9300 7724 5473 8007 2882 9967 5002 4259 4710 1957 6371 8680 7345 869 3944 8724 2257 5404 6994
26 8310 3527 7792 1313 267 9037 9645 8998 3751 6830 6897 8258 1485 261 7076 1249 3920 6532 5118 6108 322 7073 4275 3586 4091 4891
27 2720 4873 3572 9944 448 6356 5267 7665 1443 9408 6094 3986 3924 1914 7009 3919 1469 4597 5164 2965 1171 5842 6936 983 6448 6665 3737
31 3607 3409 3910 615 856 4450 5550 9741 6104 2024 8416 278 7505 2854 689 4044 1317 2911 226 1125 4118 1795 7054 9786 8479 3954 7008 176 5647 3620 8022
27 6198 2641 6804 6942 6764 7494 4986 4930 7643 1459 7659 2501 4489 7007 4487 5171 7280 2485 2750 2503 4288 8943 2193 8156 8333 6761 3569
13 3149 9920 1223 9769 4376 9492 6638 7912 2665 4477 2290 3230 3207
13 2941 3138 5285 2036 7034 4854 9044 389 1536 6032 778 7214 1213
6 1353 8209 5983 1582 7981 3638
20 9291 7846 4080 2132 9610 2585 8116 674 6672 9159 8988 9015 1896 7990 8726 2322 170 5944 2818 1212
19 157 4428 4624 3475 5503 3721 4034 9101 23 8235 3956 3577 6477 6993 5588 2785 6051 8497 6111
30 1305 567 6053 7000 152 475 6089 2790 6925 7754 52 1328 8502 2945 8650 8960 8390 4789 470 4001 8045 2466 8107 2454 4751 579 2816 4363 3458 3125
10 2356 1773 6951 306 301 790 8352 4311 9792 1558
20 7877 2026 4980 417 4137 5371 3809 2721 5641 9961 9794 1726 9808 4424 3658 5599 3856 3664 9309 3289
22 268 5572 7249 5347 6729 646 9035 4384 8782 9817 7194 7672 4135 9867 5645 3374 2678 7204 6545 2747 3111 2165
32 5299 3005 4935 9045 4733 5678 8367 4713 178 6579 7805 8610 777 3308 5176 8764 4219 4280 2461 125 4025 3206 7593 5423 4181 1961 1966 4446 5280 6919 5854 6870
16 2384 1670 7728 5993 6937 5989 3716 3385 5505 1467 6028 9714 8106 796 6559 5672
11 5381 8739 3426 9483 3516 5121 1868 0 8552 4145 465
31 6228 2357 7638 1994 1580 9179 9429 907 2386 1098 1415 8928 862 9968 4564 4840 9302 5385 5851 3198 9193 8537 1397 7774 7105 6621 3388 1093 2540 4268 7173
