6 4494 6493 481 3050 3026 4887
6 610 9246 4815 3058 3414 7110
8 3410 6851 3830 5888 9018 671 3190 4027
8 3167 3596 530 6360 7683 5783 4007 5982
7 7088 4635 3083 3966 2997 141 6544
7 9084 7210 332 5156 9209 2385 1880
9 7229 328 5887 5756 241 1487 3393 7812 2053
4 1866 8449 4836 2591
5 9550 2654 1475 9031 6190
8 8213 271 6125 1201 7492 3778 5298 5903
12 5235 8149 6155 498 4029 5690 2802 4327 9641 3228 8662 9377
15 1305 567 8548 9628 6634 8795 1733 7342 5861 7770 4159 5041 1461 8693 1555
12 6961 4260 206 7236 4705 7211 529 7019 3261 2095 6344 1855
7 3696 9392 821 2558 2156 8103 9287
14 2507 3329 6003 9562 3583 5228 6896 2320 9952 147 7078 7037 9441 9868
8 7064 2422 5562 7630 2670 4567 7871 8553
13 7911 2928 8157 6021 1430 2984 883 5062 5133 9023 1914 1395 1626
15 9216 8459 248 5816 2352 1046 8595 4552 2260 1051 2835 9785 7672 3962 2430
17 5222 5500 2973 2338 8445 5660 353 2314 799 4114 2281 319 7566 6730 512 5877 7972
18 5424 8024 9469 3717 1386 3542 5453 7448 2675 934 3621 6218 9659 5353 3925 3293 6505 7061
8 5245 6239 1206 7924 8428 1603 3999 2758
20 9581 8699 1267 5892 6438 2059 1565 3623 1660 808 1464 890 9077 3498 1714 1597 9774 4067 9175 4868
22 769 8489 2975 5757 6567 7253 9842 3513 5400 847 6161 9934 1911 7440 6235 3763 689 4044 1317 4881 4004 9914
16 2531 1852 6255 1503 2731 6026 7162 3315 4944 7221 3476 3556 3127 2034 3847 2939
15 9752 1384 6206 3833 5593 2343 3432 8511 754 9213 1834 6042 2859 1042 6090
19 6228 2357 7638 1994 1580 9179 9429 907 2386 1098 81 777 1104 9667 6437 4487 5171 262 5573
22 6361 5393 720 8823 3680 6101 5043 709 2045 5160 5465 4924 6821 9407 1767 9155 9355 7461 7260 6609 6038 5985
10 568 6457 9813 9105 4520 2186 1463 9086 6948 923
22 6916 6189 2293 8588 656 6601 2732 3098 1110 7715 4031 5076 3859 8026 7542 7407 8064 8705 6861 1945 1119 8330
16 5881 9768 1054 5732 6398 5422 1232 2661 1109 3203 2652 7794 2766 3509 3173 6527
9 8731 3579 2957 4048 4128 6838 243 8954 9515
16 7957 5387 5890 5699 172 8995 1239 5951 4328 1710 1417 7987 6921 7009 1592 4941
20 29 9052 8902 4016 849 559 7344 6902 9729 3731 3757 3710 9420 3894 11 467 6859 5175 8969 6960
19 6695 190 8203 9487 1963 7994 1553 9928 8058 7843 5302 352 6775 5786 399 3948 8881 1163 5513
4 8342 1192 1744 4321
17 6767 5060 5554 4285 3566 5069 9981 3364 1985 8018 2565 2397 4667 3592 9998 1624 1000
23 5341 2714 6296 655 5240 5917 8112 1902 8151 9833 8780 5907 255 5083 9292 6970 1337 6542 6697 4745 451 8771 9693
10 1664 6658 9255 7196 7113 4353 1820 2191 9489 1546
19 8878 2425 7662 39 8413 2065 7866 8807 2596 7402 3404 2414 149 1116 2712 6704 9211 7027 8422
19 5970 8783 2742 6409 2470 127 9458 6163 979 6674 2037 9136 736 4442 8567 7608 1853 905 8047
27 2571 8630 2915 9286 1508 9872 9537 2745 1846 8869 5033 121 8952 4734 3924 4073 279 2956 2299 545 4801 8649 7418 963 2894 7910 5067
17 6900 4223 2539 9549 3537 2852 4756 4227 7197 8486 1979 8760 2218 6866 26 4902 8824
13 4788 3160 2566 3605 4938 7847 7777 6407 4819 137 9006 7237 8563
14 372 1406 8574 1518 507 4764 2673 3785 3429 5608 4426 7488 2175 6517
9 6039 7926 5532 4092 1921 5258 7121 3725 9360
19 6663 2603 3424 6536 266 2180 5375 9570 1311 4871 4937 6548 2504 214 4547 8325 3599 1130 2951
23 6807 9406 5189 7574 497 4205 6062 7903 4884 8826 4085 9208 5314 9110 5313 9490 6234 7414 2733 4234 3711 6230 4325
24 219 7451 7372 7870 3972 1910 7245 1631 9889 3669 4147 6800 6140 5268 1907 6982 1275 2340 2793 8525 4816 4715 2475 1998
19 1776 8020 5214 4064 4410 7685 4652 85 159 2753 5809 8239 4711 4851 3574 8524 9739 4100 3491
21 9449 2031 922 4643 6618 1325 516 8494 7422 3308 5176 8764 2994 6891 9725 3568 6928 9899 496 2779 641
6 1724 5746 4867 4011 3911 1018
16 549 7320 8786 6220 3270 9065 4123 6082 3465 2958 1752 2479 1871 3454 7100 4471
12 6541 864 8448 9620 6261 9972 4119 425 5099 8326 129 5071
3 8564 6377 7678
21 4536 8715 6245 4245 3477 8785 9151 6907 6864 2383 561 4845 6707 3152 5785 6860 1017 3355 6314 6976 8000
21 4894 7891 9144 5212 3565 8768 633 8094 886 2842 4776 1960 2 1980 3115 2390 4043 8264 2269 558 2620
11 2432 4877 7779 6793 2109 5191 8775 5484 8997 8181 8596
6 2576 7325 2759 3745 5121 7600
20 268 5572 7249 5347 6729 646 9035 4384 8782 9817 7194 5026 4992 4982 28 6224 687 2863 9959 9530
21 474 3758 9874 1550 1102 7535 9075 8827 9089 6134 6808 2959 594 7250 9605 7032 8600 7105 3982 1928 766
3 8670 5475 2528
29 9291 7846 4080 2132 9610 2585 8116 7456 4969 5684 2910 202 2228 9328 3145 2461 3212 2489 4708 1103 110 6557 8295 4010 966 4813 2010 8255 8433
3 700 7948 7376
26 8310 3527 7792 1313 267 9037 9645 8998 9992 3211 7900 7384 9270 2796 2189 8475 5984 6086 9050 2728 651 4367 3766 4412 6080 5147
18 6263 1637 7224 2605 4020 4914 1294 5238 9652 1271 1692 8288 4012 1905 991 3214 2590 6753
24 3693 8566 326 4629 5437 2192 30 9433 2452 1308 800 9080 6810 3650 7258 237 8531 5938 4783 4514 652 1893 7476 1118
18 1993 945 730 9757 8796 3879 6222 4532 1203 6253 1981 5640 4809 2396 333 7285 22 492
29 3817 3333 4084 2112 7692 7856 8737 2924 993 2525 1193 9881 1389 459 7817 5143 3470 1235 9571 4915 6478 7012 2085 2785 3582 1361 1694 2005 1022
13 1097 6485 1489 4717 7149 4407 7101 9250 6292 2752 9239 4671 9803
29 4071 7198 3947 6475 2651 1281 5695 3451 6237 5452 9238 7624 4248 1771 282 7021 4473 889 4322 1167 6880 3810 8655 5119 6872 9439 762 447 1808
29 6952 7116 3779 119 3740 4990 7068 2330 1470 9987 8289 4899 8544 8470 3234 305 2274 9386 5111 3001 7443 8639 8818 6065 9609 4203 7289 9560 9765
9 2828 9691 3381 7962 5729 6869 4238 7767 6834
11 2384 1670 7728 5993 5677 6846 6640 1049 2763 1161 2669
22 5161 9974 5748 6186 7579 6967 3439 7569 2164 7145 6389 8741 5061 2154 5904 9946 6667 4626 8469 6760 9051 6018
29 5445 5615 608 7602 3445 9527 1349 9177 8617 4045 485 4800 8798 7931 8814 9321 7352 5326 6131 2719 3446 4631 7782 4380 4702 9745 5461 763 7017
28 519 7293 4170 7637 5712 3615 1845 4063 5914 6363 6290 3893 4312 4535 974 6728 2506 5490 2499 1333 452 5207 1398 5683 3923 2730 68 6603
26 1560 3826 9602 8915 3114 9171 3802 2076 4497 7837 7515 509 4224 1875 384 9509 4023 2911 8802 5869 6702 4399 8676 2865 4220 6889
25 554 3384 8382 9575 4409 8188 5576 6081 3909 1891 5155 3534 3963 1709 8048 7377 9989 4505 5594 7204 8441 4968 2604 1479 4181
30 9707 5727 513 5120 846 7922 9576 2355 7513 2174 9226 5372 3799 2607 6619 5768 6451 7599 9400 5921 866 9258 6049 6690 1070 3504 900 2310 1258 8923
26 7849 2784 9543 4404 6076 1725 711 584 8598 8460 2715 1850 5364 7723 5349 2294 4694 3900 968 7218 5669 5896 8607 3275 5545 3588
9 7109 211 2288 6725 6323 4568 840 2410 2276
28 1105 1949 348 5557 4244 1598 2513 2601 8416 1756 7879 3473 6312 2757 547 851 8966 7247 9096 7786 8756 4284 9525 7053 8124 3838 5666 805
10 7463 477 3773 5955 1634 7284 1706 8914 1366 1956
26 1335 1784 8892 2440 6392 611 6078 4371 8694 4638 897 408 6378 4343 2762 4681 420 414 5333 3769 9932 4030 4614 3280 3252 1722
30 2061 7889 2626 1200 7567 4602 3038 8642 300 4415 4773 3570 4499 7024 2341 1747 1740 283 1885 7449 1434 7590 6632 5144 5290 5346 1586 5850 8232 1139
20 8559 6740 2649 9579 2374 9694 3285 9143 5664 9225 6683 6282 1432 7623 7518 8114 1238 2492 3431 5232
31 445 1593 3396 2497 506 6969 7191 2797 6268 508 1431 8312 4832 5072 7886 5420 4176 7908 2367 5339 2801 1788 1662 3322 9069 1091 4731 307 3698 6445 2223
8 4601 8029 5480 9921 3733 3633 8087 2544
31 4435 7512 4848 7874 1272 3502 5409 2119 3974 833 6751 9361 2444 3201 1424 1291 4621 1446 1906 2028 4827 9791 6506 5115 1437 792 2550 3405 4918 2815 3097
33 8962 5237 2657 7572 3915 8155 415 2667 4879 949 8316 2874 3231 7045 93 4625 5810 2494 8362 8354 2617 2895 1032 2091 1390 4700 160 5773 5436 9589 910 3514 3631
35 9313 3294 8978 3875 5602 2999 2482 6871 4326 8243 659 8820 5040 9574 7587 3449 5104 77 357 4097 7598 6180 356 4565 9032 9009 574 6175 7261 5277 2976 4795 7163 4530 8430
29 1992 6849 4109 1655 9464 169 2473 115 4213 6727 1748 3694 9798 4692 7797 2093 6790 5038 9615 9468 8013 5787 944 7349 2372 3335 1898 6840 6093
18 7188 8629 2690 6000 1465 6705 8671 4958 6971 5844 6426 2248 9724 9268 1027 6384 298 616
17 1794 5698 435 5779 4024 5952 7150 6319 6495 4430 3154 3000 2097 2655 4239 5840 1545
26 1888 6199 2681 9633 9654 8128 376 7263 6013 5116 8659 7383 6980 8822 6720 8894 6701 4598 4650 3715 3140 9781 6944 573 8091 8057
12 117 8711 867 4784 8097 928 433 6858 7735 8169 4754 978
20 55 4693 3092 8133 7710 9410 2857 9822 2547 8111 6972 7694 7644 9931 4161 4444 1837 3898 7756 2134
23 713 9864 3949 7387 5310 3895 3584 8904 3077 894 4144 5966 8738 114 8931 8356 6109 8999 2594 1301 5159 8488 7899
26 4495 9137 9806 2216 7628 4595 2954 7176 1831 4651 7529 9911 6854 2360 5635 1615 5947 5488 9423 1385 3301 7997 3224 5294 8163 5760
17 3281 5113 5954 7323 9450 6357 2171 3905 7920 5247 2938 947 7195 4168 6675 3244 7581
19 297 1874 4449 5909 8343 7944 2960 5747 8729 2687 2202 8197 4766 7989 7530 3014 8327 5077 8947
31 2020 9985 8464 1977 8037 8652 8851 6106 8918 912 5730 4457 9480 1371 213 6490 7292 9235 2267 5741 8633 745 192 6193 4760 3683 1128 1408 4695 9937 2172
18 5693 3608 9072 4578 2433 4747 9174 4480 7478 6014 8183 4132 6876 8249 4445 9332 6685 7115
6 2278 2736 4811 1084 2888 1456
17 8890 5157 153 5905 1975 2824 7480 3804 8537 1397 8707 204 4041 8279 1645 4108 8874
27 9799 9649 1524 7737 32 6584 8876 2394 691 4989 1790 7659 7077 8646 6820 5705 7280 2485 2750 2165 8677 4534 4315 5024 7649 1472 9829
15 1757 8484 9495 3816 3885 8042 5799 5124 9346 3071 8139 7228 8838 44 6817
15 7141 4414 209 9251 6397 6432 4218 4148 486 8451 4611 6546 9119 321 3975
7 4059 7687 4467 7483 7147 5318 4286
36 2912 8055 9559 3602 9795 9116 3818 952 9028 7562 5323 8987 6806 7689 3547 4582 232 9863 5032 4876 3674 7238 6347 5826 3956 3577 9777 9437 1732 8096 5688 1043 6317 4680 1758 6917
16 3307 789 5377 2916 3057 1319 2088 8287 3934 6330 7954 3886 9154 5812 7079 2922
27 4855 5227 1674 428 9071 5344 6491 5356 9566 1264 6571 4365 4060 4620 841 4452 8920 1253 8986 2555 2201 1712 7170 5960 4753 3863 5376
16 7877 2026 4980 417 4137 5371 3809 2721 5641 9961 9794 2145 5839 2361 1204 685
27 9976 7028 4910 975 3585 9002 8236 1079 9242 5701 8990 6283 6367 1541 6915 6824 8745 3161 1107 3548 7526 2249 1435 3571 1602 5988 2724
28 6780 7357 409 210 6023 6251 6172 4236 4677 1934 3610 5262 4688 9043 3011 5360 1493 471 264 8215 1334 3771 2252 4896 9622 8611 5900 7539
32 4214 5034 9385 8079 6034 9710 8555 6805 3622 4828 4278 7474 3874 779 15 7062 7743 72 9955 5852 8427 7107 8280 3777 6117 9413 4812 440 5884 5118 8808 2203
17 1528 9128 9012 9297 782 5107 7682 9186 446 9339 1144 1379 2886 1095 3417 1952 710
27 6689 1227 8713 3603 6856 2000 2919 6597 379 2439 6581 7510 8432 2295 2365 1262 7589 681 8100 9854 5800 2987 8501 7112 5937 1001 7001
24 6633 4352 6630 3469 9299 3428 953 5519 5259 2990 2945 8650 9616 6617 1131 5618 4448 5940 6435 2349 9095 7565 73 58
10 3743 2006 3821 2537 2245 6446 2981 8244 1844 6152
14 2941 3138 5285 2036 7034 4854 9044 389 1536 3035 197 4416 5575 6721
31 563 8973 560 4195 40 8638 2885 2841 8560 8871 5569 4266 3339 4378 3182 1681 5565 6798 5117 184 4039 4122 548 345 3464 1484 5549 4820 3611 7950 3987
21 4143 1803 2184 5725 6839 5073 7650 5625 3660 4276 7897 8886 7844 4640 5410 9608 1522 7681 2312 6271 1052
12 2176 3246 706 5010 7878 2727 6693 1195 3860 86 5408 5439
29 7709 3891 7465 9254 7668 7438 9604 9731 3896 4834 4866 5878 1282 4279 4549 6459 9748 8317 6999 917 53 1818 1795 4808 4484 6335 2389 7011 9770
11 7716 8231 1765 9661 4721 8483 2902 7742 5942 9635 6060
26 9675 8158 3068 6012 4658 6814 5366 2556 1872 4824 3039 1753 510 1824 5512 5203 8805 7771 9076 1172 4474 7673 6481 1718 2441 6613
32 6269 3849 6473 2442 992 9276 4636 9624 8603 5462 1591 1236 453 2563 4804 8763 2279 7385 1780 9431 5035 8443 7473 2490 6731 2339 6598 9067 8908 3012 6750 3478
11 7119 7575 7854 3996 2101 1703 2522 4510 7725 4140 737
29 2135 6150 9869 6818 8059 4318 2776 9381 3155 6331 76 454 8284 8335 6827 1596 4076 5796 5468 478 6761 3023 4726 7054 4364 7702 3480 8002 6434
13 489 4437 2495 6352 3047 7246 8951 3205 8968 8891 1542 9387 1562
9 672 7810 8967 6349 7839 4192 8641 1805 2814
5 8184 9763 7233 8714 7482
26 1735 8021 6202 7226 6966 772 97 1004 4104 5559 2501 4489 7007 3573 1682 3198 7923 8393 4183 5781 7157 4580 5348 1653 1547 3032
25 7640 4959 3362 5417 7750 4033 5911 4712 8294 4771 3353 3730 8769 5927 2562 4222 4402 5643 9390 1329 1683 7751 901 9850 7410
8 4758 3540 4196 439 5477 2041 5091 5821
21 3444 3249 2230 718 7277 8937 4880 629 6279 1561 2933 9880 6829 8810 9708 855 198 1915 8905 2879 89
33 3168 3459 3786 69 5719 6538 6580 1686 1721 9980 7822 5380 6181 6830 6897 8258 1485 261 7076 1249 3920 8084 3226 5275 1481 6895 5731 9942 6045 6789 3218 8941 9940
33 9187 5744 1955 956 9634 8575 8609 7282 6476 7103 9701 9823 7726 4539 9322 3256 8873 534 7179 8318 5706 7890 4571 8032 3179 9206 2450 1599 635 8168 9013 1003 7714
29 8520 3029 9890 9951 5351 2952 4171 6380 2075 2025 3845 1800 8624 278 7505 2854 5411 2084 7192 609 3649 5873 1157 8837 5949 7978 8865 6573 6405
18 768 8073 6338 5621 1557 6216 4749 1968 4872 8505 387 8788 4052 4180 1540 6492 2329 9281
34 9563 9852 2118 95 6771 3789 9678 8523 5193 1779 3997 7339 280 8148 1612 3661 6862 3796 6436 4634 1727 1606 331 3506 3237 9352 7225 4116 2746 7597 8061 5551 3791 1923
20 2313 8323 4761 9524 607 3940 1211 1299 2972 1096 1814 5039 914 1822 3484 5068 6027 9049 4339 9569
19 6002 3708 6085 7006 405 1882 7536 7106 346 8977 3407 9391 3835 2968 3576 8152 9484 2926 1304
27 3457 5359 9030 4666 9118 2771 8804 7118 1768 3624 7267 7368 4979 6264 3926 2416 2744 4298 8092 2064 9007 349 7831 6477 1226 3664 7783
30 4742 6529 9401 5541 7172 3453 6133 2543 5526 8407 4787 865 1199 2345 7403 8115 7419 8776 3523 78 6278 9674 1517 4032 8046 4189 1731 9184 5508 9906
33 8420 6877 4154 665 2635 1222 3732 7477 3839 7907 8506 6120 6696 8108 5243 4188 8621 9506 4369 6308 6802 358 5823 1982 5776 411 7559 7973 1350 4962 6853 7111 2271
16 3555 5858 9636 9314 7759 767 872 3056 5078 1575 9971 1136 9936 5322 7069 9577
12 3629 2166 1995 1233 7380 3760 5138 3505 6019 4556 1210 8480
12 9121 9471 7706 7168 3567 2199 9716 7720 2152 9775 7201 1705
12 4644 3468 105 2173 4561 9421 8140 5708 8550 5979 3749 181
7 2883 8557 7927 6922 2982 2660 2049
31 273 1407 9412 5516 9512 1496 5913 4441 3305 4211 5770 4456 6642 9358 670 1840 256 5389 7397 1786 3684 4612 1704 2188 7850 7705 6661 7183 6994 9970 20
11 8292 5991 7671 5912 5328 7774 3703 1619 7073 1652 5857
33 6670 1609 9556 3411 6316 3616 6119 9068 4798 7066 1912 8339 2373 7796 9592 958 3489 9877 3360 7160 5987 3089 6791 5834 7437 2564 4079 1327 4296 3781 9545 623 9916
16 61 2436 8346 6550 9341 708 9539 7633 7122 5141 7863 8216 7834 8636 6242 6258
29 7657 4387 3334 9657 9457 3215 177 546 1943 193 4293 281 5301 7305 2498 1302 819 793 4730 5851 205 1036 7302 6759 6448 9642 9676 9309 2411
33 6656 1625 5090 6503 4139 8742 2404 674 6672 9159 8988 9994 5101 4921 37 9368 2632 8165 5419 3888 1567 1648 4272 6934 5327 5673 2723 2671 7509 7358 5753 9714 4292
11 8518 9405 6304 533 3398 4913 3657 4857 2346 8722 6439
22 2920 7711 965 318 5352 942 8118 8938 5100 4397 1944 6680 8661 3776 1388 6679 5707 1216 7892 8508 8900 224
36 9698 2106 8440 290 9819 7203 9846 5803 3675 4163 8533 3271 6064 1638 6833 5529 8136 6366 5552 8314 8081 6339 3412 735 1373 664 450 1739 7317 2030 9196 869 8717 6819 4803 2845
32 84 3311 1177 7337 7840 1369 4888 2388 5021 4209 2808 2438 683 242 6604 3511 3391 8473 6184 3897 4757 4922 3240 9746 2830 4149 4295 3931 5361 3110 795 7937
10 7468 362 8276 5889 2914 1488 3984 1454 6487 3589
23 957 8435 4421 8146 6425 5012 6048 896 5838 1143 8478 9034 3634 5126 7540 60 3700 6070 4504 3287 3591 5682 5362
23 9847 8290 8784 7312 8772 2799 2751 9293 4198 8172 5110 63 4627 4229 5546 522 7144 6621 7969 5286 587 4540 1359
24 3371 9473 8328 7243 1252 5291 8665 369 7503 2867 7525 5804 8917 9826 4323 634 6362 1858 6646 5561 6214 1462 3741 4542
25 6252 6399 8800 6746 7680 1123 6622 1988 5558 2996 6332 3448 3074 6714 3801 3206 7593 1811 2158 3151 6991 7391 207 4490 8453
20 7013 9231 8992 6006 4289 8669 2215 9583 3452 3581 2022 7821 7427 51 7241 3274 9369 4729 9990 845
20 8175 8965 8345 9150 1307 1154 2451 3481 2579 8528 3822 8751 191 4983 5616 9749 2408 6358 2113 8374
17 9514 5218 3430 4107 6173 46 990 23 8235 3010 1059 5752 9129 4554 5591 1147 6518
26 3025 6558 1010 6069 3116 8176 120 5764 3782 2319 3186 3356 5134 798 1444 9857 1916 1360 4732 9599 8275 6723 2929 770 1698 8535
26 1867 6745 6762 9440 9248 6156 9849 4074 774 6743 2142 3613 6429 5233 1405 8558 2795 1659 8974 5930 1287 6981 3734 4951 6417 7404
31 3239 4511 8351 6413 6739 354 4366 7169 9027 2035 4664 9074 8109 5386 10 2740 3968 1629 8680 9663 6325 6226 1380 7083 1425 5435 3558 5395 7537 2353 6288
17 9283 2538 2074 2212 7139 6835 8012 941 9285 7332 3630 4817 4054 3033 4354 4308 5723
20 6456 8104 7373 7686 3366 7276 403 1081 2395 1309 5070 8721 8033 7990 8726 2322 170 5720 4319 8957
30 5324 1414 6168 7255 6984 8035 1436 9516 7629 1008 1679 9474 4351 887 7371 8049 1857 2493 3642 3587 9016 6878 8577 9756 8849 9467 8724 702 8122 5606
8 2735 8227 712 6464 5363 4697 7731 7833
30 9020 842 6307 1830 4613 6526 9127 5713 5962 2292 1166 6883 9607 6682 9366 9821 9233 7656 5139 5195 8060 8322 5197 336 418 3728 9993 2227 9131 2273
26 4150 1024 8198 9705 5511 8368 9138 8667 1568 5031 7148 5278 4523 7003 8248 3695 2792 7023 3971 4674 6390 1552 5311 2610 4281 9532
22 5716 5948 1002 3722 8911 1715 8961 678 5956 6204 4912 6754 7155 9456 8885 7338 3844 5745 7625 3719 1060 8137
13 2316 7108 2110 5610 3691 1368 7755 6939 4718 7298 6583 5334 6479
10 4078 2942 1363 3614 2486 9350 3836 2623 3107 7375
10 4842 4885 442 1399 9997 8311 5047 5499 3279 7795
24 5440 3918 9274 6836 3199 378 4862 3793 7769 3507 3877 8576 8673 5167 2364 1056 6651 407 5736 9986 7268 1576 8080 9736
31 5304 1651 482 1500 6615 2105 6719 1864 286 1532 6562 3501 6625 2850 6612 4878 7063 1566 5168 964 2195 2066 8467 9606 7639 182 7052 3853 9637 5150 5819
15 961 5213 8370 3105 3191 2060 3435 9364 4838 9519 5505 176 4751 4865 9430
18 9888 9046 2711 5017 8747 1884 4485 7043 4006 5965 6653 995 1452 2683 9198 6782 7175 9172
18 583 7704 8573 1997 9557 6825 5382 9950 7370 9324 4340 434 6375 3561 9091 1140 5471 9796
33 3549 6404 3865 7876 3666 1667 3082 6213 8909 8687 7573 3765 6223 2370 6423 9810 9967 3299 220 5350 8358 6592 5030 644 3019 3681 9956 3415 3945 8238 6533 8847 9417
22 4687 9544 5025 854 233 1322 2068 9212 3076 3296 2302 5432 7517 5407 296 9669 3378 9241 6364 2238 8123 8331
13 5769 3276 7804 8394 3383 7059 6614 2133 7244 1950 5735 9860 4955
19 8271 5856 5507 9804 5674 3290 3062 2702 2541 788 7696 5871 5703 7946 2880 5599 4047 5697 2169
25 1332 2520 9805 8521 2856 2570 4035 1355 3124 1256 9019 5190 5438 9502 8515 1076 4684 7959 7977 9960 9461 4923 4277 2200 2818
17 1273 7612 9666 8338 3375 9190 4645 6274 9975 5995 7894 7508 3135 8031 4265 7015 8147
33 3055 7398 5369 7580 6474 2409 3232 9836 1643 7361 544 9300 7724 3121 3079 1392 7788 7651 771 2047 4118 4492 8066 5354 3143 5416 3369 7281 9773 1809 8001 4268 1336
22 7861 9090 6669 9353 381 100 4639 8324 9156 6197 1785 5127 1426 8411 3626 430 6461 4350 8690 4531 8744 8301
21 5902 2791 1208 1416 2309 125 4025 2646 6691 6219 2029 2328 8221 9343 3486 8457 6022 8333 8538 2516 4042
25 6822 1512 5996 3073 4782 8831 908 8160 65 3550 8400 9026 6953 2739 1763 8946 9338 2080 49 859 1244 1658 2905 8490 7825
18 88 5971 8447 4207 8085 7663 380 175 5792 7498 4654 6713 8571 8468 9782 9389 2819 8910
29 2869 5743 1869 802 6903 4953 5866 8190 8485 5009 3798 5959 9056 484 5023 7351 2051 2256 8689 3545 8709 2102 9253 257 4735 3612 6524 3063 9317
17 9305 1492 7355 1539 3101 4608 8976 6787 7868 9399 340 5791 269 2194 7154 443 1015
18 8728 5818 3354 57 2754 4070 7519 4837 2460 7603 6373 3162 2843 7303 6569 1966 6919 2280
23 394 9191 8254 1601 8187 2033 9134 6784 7761 3930 7234 2040 4470 6306 4000 9055 5321 2344 495 9451 3559 7670 3825
8 5402 9459 5813 7943 8043 4446 2770 8350
33 9901 5654 212 1491 9738 9375 7595 244 4858 2898 1292 1774 680 9337 5097 1622 4831 7408 8732 7181 6599 2363 3884 5685 911 662 7955 8265 9786 2170 8499 690 5244
30 4058 699 8462 4153 830 5650 8273 3345 1521 5915 8801 8237 8307 5999 4893 5180 4290 6387 973 9193 3823 2699 2872 9455 5946 9601 2806 4197 9004 3402
29 7862 1111 422 8806 1168 1458 2875 2121 8150 3174 67 186 5421 7326 5582 1237 7331 5114 4738 7584 5585 1404 5740 4240 140 7151 7985 8260 8862
20 8406 4546 4661 4807 7434 4372 4021 8030 3122 3829 2907 1695 8875 226 3563 1549 7841 8230 6441 7146
18 3654 5384 1094 5739 9017 7294 5612 7124 1483 9443 858 3106 7290 5718 1185 1347 7641 8054
31 3692 1734 8040 950 984 6336 2527 2415 6041 395 3474 2535 5872 4518 3416 8361 2611 9092 8067 2572 6660 829 9271 289 3265 8090 3858 8723 1293 1636 8543
12 303 4583 8274 4482 895 8306 5653 1939 6458 5944 7938 2208
20 6912 5008 2989 4690 2151 7560 9780 1827 3178 581 8455 8206 571 7828 148 8959 4267 9834 1019 9227
12 3471 8848 1218 6058 9064 751 5050 2160 8303 7951 4904 8119
29 8698 3170 5307 9100 64 9195 9357 7778 5632 3044 6179 7570 2437 7507 2950 5080 1610 6289 2487 8913 927 6354 4723 4418 794 1254 8211 4374 5225
18 4637 109 368 5284 5502 2237 5463 7 6586 3013 5750 3254 810 673 3243 6534 7524 4142
23 8578 2480 3754 8746 4642 9141 5305 3606 2694 7130 201 8844 5217 1083 9966 9404 1793 1356 3965 8083 263 8375 9304
30 9140 9463 5535 9485 9743 8194 3117 8981 4433 355 2713 5042 3593 4647 1964 7917 5427 5270 80 1188 8625 9807 860 4577 7869 3350 7586 1892 9334 5659
25 4090 6329 3291 6452 4533 151 449 8186 1224 8498 9318 9201 1901 1936 850 5459 6084 75 9953 960 3644 6273 8463 3857 9374
14 187 1228 5006 1904 1 6537 1509 2128 4347 2011 862 9968 3341 8019
19 5934 658 5517 4225 9613 1381 25 1730 1205 9203 8144 5555 755 9814 4841 2456 4977 8870 4662
16 5381 8739 3017 7444 5103 4517 8733 3526 9124 7423 7888 6371 3797 1823 4799 1038
8 7799 4648 3263 4558 476 8397 7304 8497
19 734 1984 6410 9104 1755 8529 7642 4724 7048 1330 6238 7359 7995 9787 9189 8404 1473 4883 2597
17 5860 2589 1588 8536 8791 6985 9033 1745 9962 7301 9496 4714 1531 2901 6443 7909 7713
26 2008 3951 6192 5777 483 3112 8615 4344 6359 1297 5709 2359 3508 7930 6531 6792 868 5414 9162 899 8925 9432 270 431 4049 2300
28 5406 5875 3317 3108 1729 4481 9546 9394 7466 8257 2206 3421 9379 1639 3137 7615 8593 1671 7620 1554 1274 6525 8202 8971 7184 3020 8319 2897
25 7040 8458 3368 951 4656 7785 6247 3685 9482 4559 4898 7313 5805 2587 7345 3815 5200 8041 5365 4375 5489 2326 4129 5652 3284
10 4475 1421 8088 7813 7719 6433 59 4348 5449 7700
23 6607 2335 168 9289 9273 7555 9639 9229 613 693 359 5183 9653 625 5918 1021 1234 8461 7851 9014 3422 3679 6191
13 8102 5487 6879 2284 9835 5793 2381 5568 6768 9269 2650 9529 1284
20 9626 7104 1970 7787 1529 9732 2567 4026 7932 2692 404 2980 2807 8619 7343 7968 1306 3500 638 5543
23 9409 9166 1251 9830 2934 4940 3169 4089 5514 2612 3075 7222 4988 5919 3187 5084 6766 5867 8142 6209 2287 4332 5296
14 9393 3236 4112 2717 4965 2557 6463 5883 2289 7824 1958 8541 7527 6494
10 6843 2963 2718 8389 5467 7035 8943 6241 3812 971
3 311 3539 5891
29 1040 8376 7648 5686 6141 8298 7933 6962 7727 9038 4014 7091 8516 9498 8549 2204 6309 2868 603 7378 3189 5595 6421 7606 8685 1801 4506 1088 6227
31 1815 1635 7631 4703 3783 4704 9564 4744 6416 3646 1448 695 4219 5929 8141 1125 9510 732 9470 8439 6315 7388 2466 8107 9895 598 4927 4393 6158 6717 8131
13 8477 2297 6910 8540 936 5986 6578 1666 3917 4961 2342 619 835
24 3580 3148 1142 5957 1460 3054 5766 1441 1182 4588 9699 5028 4422 6535 2182 5893 2625 6294 5798 8877 3069 8321 9517 1972
18 3090 6654 661 4673 1723 761 6009 3729 8753 7855 3497 1440 1848 8866 983 1354 8156 2463
16 4586 5721 933 2663 8403 91 8970 967 7493 6515 8572 4324 2698 5931 1127 5714
7 8509 3202 6521 3128 7002 7307 3380
12 4008 19 8774 5829 4411 9750 3720 5845 6310 2940 6212 9865
11 9913 1186 2181 1146 884 9040 4952 4509 6355 1713 6170
32 6466 7455 2523 9382 2967 3433 9897 74 9687 6641 7547 8916 6772 1720 1035 1375 7893 2708 1616 6852 3034 2222 5657 5252 8174 2013 2211 2656 5874 7485 5248 9573
22 677 9733 1100 502 98 4101 6647 1459 8819 592 8599 9099 2545 3600 5246 2628 602 5431 729 6300 9354 1569
27 2015 7097 881 9655 969 2906 7592 6905 8743 7205 2636 8545 4217 9428 999 7497 576 1270 1691 5961 3048 2993 4501 1478 9827 1082 8185
16 6815 4984 3989 3632 4396 8173 2368 4528 101 1526 6700 3002 7803 2196 1579 7472
15 1353 8209 5983 1582 6623 390 8423 8392 6011 4522 7776 707 5953 2224 757
29 2949 7156 4194 2783 5303 9949 2578 9900 8542 8953 8193 1255 3645 4330 9113 9547 6540 5498 6551 4999 1358 6933 5842 265 3126 9668 8770 8527 2586
13 6321 3752 6528 5355 8584 9893 4465 5762 3304 7496 4383 5973 8740
32 4094 3049 6068 3866 6430 2207 7256 9858 6587 6374 1016 5864 4096 6488 4459 2139 2995 727 5925 5989 3716 3385 4572 6779 314 2643 1288 5399 4271 9123 8226 7467
6 7227 3959 7450 4390 4987 6096
29 9979 6747 8224 3921 1175 7209 7816 3746 6865 7793 1012 724 4821 8293 7016 4486 6130 5186 2532 8241 8045 4926 954 4005 4996 3094 4479 8880 6221
30 6403 208 8259 9742 1644 9288 4498 2921 843 6885 6926 1420 1471 6262 7046 1990 2325 4500 5898 7736 6032 8282 667 4545 9876 3950 1261 12 9753 9536
18 4525 1194 8803 7193 3194 3181 2966 1716 2630 3163 2144 9085 2873 6776 5524 6091 6233 8730
22 8640 8262 4164 4246 8856 9182 6480 578 5064 8883 7164 5527 9403 3389 9933 2427 3419 4859 4488 4022 3887 1378
33 7070 2424 7428 47 5627 5495 6313 4331 3531 2240 586 7341 4777 2205 857 8616 2268 686 5614 7820 1450 4370 9531 2890 3337 9585 107 2094 410 392 1207 8363 8138
31 3030 6924 150 6710 1684 4585 2900 1352 7425 1062 636 5481 7363 8153 9181 4464 7142 6935 1382 3235 6796 5095 2764 3998 8942 4215 8372 811 1230 9454 2508
24 3855 3651 9965 4826 2333 3493 7135 2291 8214 1364 2042 2923 8299 3841 612 2350 1925 416 9588 1285 5950 7568 5637 722
8 6031 9954 6285 6986 6311 8332 3688 142
6 6965 8426 9927 4476 1403 465
22 7928 6135 7314 8614 5187 5642 4555 1023 2533 9398 413 2347 8828 469 3153 9747 7752 9938 8098 5029 2090 4040
27 8950 4537 3403 935 9180 1537 1942 3946 138 7490 4062 6888 9884 2580 1320 6129 6145 4462 1661 4458 5048 9580 9005 8222 4741 1699 9476
18 4056 5510 128 8816 3842 8034 823 1263 6744 9021 1548 4381 3864 9600 8888 5563 1367 9329
31 6381 9347 9627 3544 4869 1647 5433 3784 826 7679 2977 3216 1277 9727 1310 2837 9460 6937 4964 2672 8859 4670 5331 9415 5148 5644 5162 8008 6978 4641 2658
22 3253 3990 5540 640 6703 4615 704 5374 8809 8562 6157 2844 6171 3406 7708 7832 7914 4529 5518 3297 3705 7093
19 6198 2641 6804 6942 6764 7494 4986 4930 7643 396 4247 6677 8815 714 1791 2129 5969 1559 626
8 3578 5679 6610 3837 6770 2593 6470 3618
17 3667 1689 4863 2825 5628 1494 9505 1259 9844 8051 2229 3772 6591 1087 2130 3204 3346
14 3647 3503 4870 9170 2826 9855 7852 4609 2251 1074 5797 7758 1191 4158
22 6160 7082 4665 9349 5597 6655 703 9730 3195 5882 6079 3217 6050 9261 1656 5775 2812 9764 1312 906 1570 2840
31 4948 6159 9631 1777 8110 6280 4256 8263 3843 4117 1429 6930 2909 235 4892 4263 6102 1171 692 8233 6281 9522 2615 2491 5596 5926 783 9296 9614 8594 5665
20 541 1372 1030 7666 6563 313 6893 1152 930 1246 4361 3488 6394 7242 6482 758 4790 343 9792 5939
12 3564 7553 6765 9925 1623 7582 4216 764 7675 5726 7981 3638
29 157 4428 4624 3475 5503 3721 4034 9101 8984 3258 1930 7712 8063 9376 4232 6469 3351 8129 9572 2549 5336 7426 8456 2827 2816 3388 6595 1510 4120
24 2917 7287 3461 5920 3906 8854 292 9165 3326 7693 9388 4113 8928 4453 4628 2765 2756 8532 528 1941 4701 5828 7295 7522
30 8675 2748 7248 4973 1365 1250 1583 4274 1700 5534 880 2710 171 3399 6033 676 1618 6555 5633 9762 7074 2725 750 2836 5446 7215 818 7335 144 2755
18 6424 2426 1527 4088 7464 3955 9059 3517 1974 291 2488 3158 2258 9488 8658 3780 6465 6063
23 2327 5332 7610 6513 6785 1466 3142 2027 6388 632 6577 6187 9331 5037 1173 9759 525 637 9277 4779 9311 5398 3264
21 423 1883 8979 825 8219 7190 2927 3636 9475 2044 3524 2810 388 698 8344 7798 4890 7273 4974 2099 1300
15 8204 5112 3188 5711 1474 3418 9561 6297 1861 3767 1572 9422 4669 4252 820
19 4066 315 6265 8868 9681 4786 2979 5899 8014 1391 2568 8225 2023 9418 6993 5588 1813 6650 8195
30 8329 3575 5089 9815 6498 8955 6244 8272 2107 1799 215 2467 1736 2749 801 3820 7945 3018 8269 124 2496 748 4633 7617 9887 1295 9555 5476 5855 2100
29 2429 6752 41 2305 9511 146 5724 2602 8220 5074 5256 5201 2882 4942 8250 2955 1165 4936 4603 7199 5863 1708 630 6545 2747 8561 6016 3286 5571
11 3321 3774 5570 9501 9808 7051 8948 2847 1701 2964 4186
10 719 3338 7762 118 1589 2393 959 8253 6795 6260
17 7401 9402 245 4720 7884 161 6698 1937 8500 9438 4939 2534 3824 2376 675 1951 2117
19 5299 3005 4935 9045 4733 5678 8367 4713 178 6579 7805 8610 7075 9148 3658 5774 0 1642 8850
24 6724 6735 7086 7690 2140 657 7808 6460 342 6868 3635 3328 2024 9969 2282 5164 2965 4972 165 8369 4759 4273 3903 1150
32 5885 2536 7406 9926 2992 3036 5263 3958 2126 5457 1048 716 1348 4206 7167 3992 9919 9185 8958 2242 4810 4548 7264 6990 7185 7577 9922 4886 5661 6997 2210 2163
28 6901 3640 2401 4228 9477 2217 5169 524 3466 412 238 4316 7454 1486 4740 1976 654 7400 6500 6295 5493 6616 5460 8879 7487 2540 8582 7441
27 9670 166 2782 4003 9135 7636 4300 1859 4105 3227 5317 1519 4970 7583 5589 6687 87 2392 9088 1153 4769 2421 5388 8308 6 1020 8171
29 622 2788 6450 1326 4493 494 8028 9160 8446 9163 863 5292 6940 2398 2500 8513 1229 7050 2823 2307 1133 3460 3184 2157 7044 9145 6257 8797 7676
30 1879 4455 8410 7934 572 2434 5082 3770 382 1787 9790 1179 9758 2478 1286 3283 4619 2371 3706 2685 5843 8899 526 8036 1490 3957 5109 5494 5293 4716
31 7956 7329 9078 989 2639 1913 5241 4696 9812 2680 7754 52 1328 8502 7935 2861 7392 7939 9218 9958 8927 2058 5936 5338 8417 3727 5003 3687 9214 7980 5173
30 5027 9851 1804 9680 3319 2178 7010 2275 4623 9054 9908 575 8906 103 5482 5607 5448 344 8068 8234 5807 2379 6468 4797 8522 3113 6624 7283 5865 8154
24 8840 2899 7975 7867 7698 3701 531 2831 2187 3434 4491 2048 3210 7178 7132 5472 8126 8817 6758 1654 9924 5281 3656 6185
16 2986 6884 3426 9483 5098 8305 1156 8145 9365 2638 1120 9711 8701 3671 1242 7166
18 606 1447 499 9754 5908 50 2443 4333 1919 1126 9885 299 8790 3529 4931 3819 5547 5020
19 4346 7180 2642 5182 9345 8421 8882 5837 2884 4699 3247 2648 4689 7806 7453 3028 1093 9638 1134
10 2418 6668 5754 8663 1495 4600 6576 9909 5415 8921
27 1833 7230 3510 2896 9538 7386 4966 9964 230 4907 8450 133 5658 684 1525 3352 7470 8476 747 888 705 1812 9257 5894 1573 3043 8507
32 1543 1605 874 135 3554 1863 9497 7558 3901 5567 8159 6898 9333 2089 6043 5704 3455 1187 1632 9122 4765 4425 787 1849 562 3109 3456 9507 3787 3172 796 464
16 8758 1908 8940 8379 9948 8585 3230 5272 4447 5239 4908 3914 8648 1931 759 6342
12 9411 1090 3991 3193 9767 7781 7646 5975 6644 4338 4424 9215
17 7399 4706 6200 2261 753 2653 7988 2122 8857 5556 7521 9111 3413 1058 503 5742 5501
24 5868 5358 493 4202 4587 6182 9262 2706 6657 3499 130 6848 2722 740 6816 7999 3689 5997 351 7031 6302 7836 2677 7182
32 5300 7114 277 2881 3420 8530 102 6989 6716 9612 7080 8373 17 7872 2137 2560 7718 6733 8399 6588 781 6077 6419 6017 9905 6010 6539 2961 5536 316 3120 3386
32 1138 8302 9282 4920 6749 3220 9202 2930 6956 3952 7187 1198 3157 5486 9508 9983 9029 3359 6996 5910 3306 2334 5924 1881 6074 2878 2858 9650 8267 2032 4592 8371
33 2465 3546 4200 7430 3022 1693 6643 3482 9284 4249 9644 3323 5249 5577 9683 385 4360 6777 1696 7848 6299 7067 9841 5236 8364 3995 8861 3180 9494 3185 472 5312 7049
9 2356 1773 6951 306 301 790 8352 4311 2822
27 5018 3245 1697 1986 8989 3663 1676 8038 3031 1876 304 4368 9083 6055 6105 3935 4889 1068 9279 1851 9217 834 246 9301 2502 6559 4846
30 9619 1113 5771 2056 2937 4541 2377 1620 7829 9837 3146 3450 8105 8291 4906 2400 1946 6174 6629 441 1611 5392 1806 8734 3978 5836 9596 6676 9831 7036
13 6831 5808 9267 9252 7153 8972 8936 8845 3890 8070 3229 231 8897
31 3008 892 1221 9625 2323 1762 1746 7941 5001 5630 9800 2622 4916 515 9718 2190 6061 9584 4513 3282 185 7667 4438 1374 7374 7596 797 234 4305 7393 4929
11 4098 1973 8481 3753 7506 6099 5485 3724 2114 5848 1929
19 4379 7471 7546 8554 7442 4806 4544 7684 589 2069 4991 427 9010 3349 9568 6177 590 5125 4124
28 3607 3409 3910 615 856 4450 5550 9741 6104 7898 3856 4903 7853 3707 4086 9534 647 2943 3087 7826 6176 1825 8053 504 7390 962 9766 2813
22 7429 2233 5049 3200 6742 2250 5601 7548 1453 4617 6098 5451 3673 2054 2125 174 2583 2098 2697 3064 5264 8217
18 375 1013 5295 164 92 9737 1480 8645 3851 2234 3225 2038 3942 756 9552 7766 2659 1646
26 1066 2324 3176 7102 4291 5751 6270 6484 3904 3372 6386 5210 9542 9867 9348 9704 7072 8668 752 784 9862 6631 1764 6911 913 8414
17 4377 666 2209 9234 4072 8212 518 6036 2308 6382 532 8162 5418 3702 6514 5790 2876
28 1315 817 200 6718 8419 5539 5036 7041 444 2220 5835 6345 2052 4768 916 5102 8565 4660 9664 2469 5229 2070 1594 4901 831 5179 3880 3617
31 5343 3976 4299 8991 330 7479 5279 9478 8830 4358 4443 366 3902 924 6637 5430 9582 5319 7974 3248 6440 4864 1798 5065 7611 7953 9486 9721 8120 5538 3883
20 6783 3147 8493 4111 5094 5801 8755 600 5530 5832 2851 6520 6606 6715 6890 5443 3652 8078 7161 5631
24 3869 3257 9845 8653 2551 6132 6593 6248 2246 1071 3672 1394 2197 5681 8656 7552 6600 4998 7029 9210 898 2138 1055 247
20 5497 7186 1778 6904 5862 4335 3004 4678 7514 9149 1807 3927 5788 8626 139 3641 3042 2529 5542 3289
28 1978 3196 2455 6029 8348 7534 9912 2477 2272 1428 5004 3447 946 3387 3081 9245 4095 8712 3440 9266 6489 3889 3871 4185 2286 7008 5063 939
30 9207 2838 1564 8637 1792 2600 986 595 1169 514 715 5824 463 8620 9784 6116 173 4925 7071 9126 132 5609 5456 6626 1726 7722 4563 131 9977 4891
17 2774 8792 5626 9712 7732 1738 5603 8075 4594 7614 4317 9063 9290 4077 4275 3586 5108
14 5598 9996 364 3330 5019 7084 4178 2616 5423 9648 8082 3111 2055 9326
21 1269 6004 9696 2167 6305 4403 9062 8062 3086 5081 7336 3132 7780 5749 3040 3273 5455 4861 8384 4013 7223
25 8189 6053 7000 152 475 6089 2790 6925 3751 4135 9706 7462 985 8778 1574 6351 1894 7348 1585 5935 4728 5623 7814 8178 2773
16 5192 3197 6164 199 9871 3807 6024 7916 6946 6333 9240 6165 1668 361 8304 3560
27 2695 9452 3129 2518 6454 6402 7811 2115 1504 2315 1590 8027 4251 3262 1989 4212 7652 8887 6938 3344 1383 3954 721 3327 2096 5198 3643
26 1178 5815 7729 6932 3811 5163 624 2546 4971 4963 6400 6370 2700 7925 500 2002 5784 5454 79 1086 5269 6153 4778 9178 2609 9472
27 3697 3067 4502 6645 9199 3532 4270 7271 8895 3213 3714 1933 5136 5496 9697 6867 7022 5916 123 1760 1089 3520 9120 9499 5057 669 4432
36 4839 7140 8277 2904 7554 2235 2077 5135 6346 8860 2072 7873 3790 2846 7949 4566 6605 1029 9941 8833 5166 8242 5154 8623 4389 5772 6781 45 5345 491 5051 7964 421 5978 2618 8618
31 2559 8736 4184 1240 4028 5428 9761 9481 3867 4853 8864 2402 6462 4543 9142 7790 7966 738 1183 4950 9760 6108 322 8349 4310 9811 2185 406 325 4909 4018
29 9679 7864 3601 8434 3938 2686 1245 3102 3609 8510 542 5373 8872 5976 2062 83 7753 1836 6568 6267 6773 1782 9243 2120 8683 1927 4823 1962 2627
29 8708 696 6455 7446 4115 2464 1587 4503 6832 1117 5105 21 1819 7819 6083 8933 6431 7578 9591 8117 9598 1577 3183 2855 1442 8278 4451 5273 8113
33 3442 5491 697 9640 596 5662 1331 4400 3165 7081 9632 9611 5879 2057 6059 9157 809 6565 5052 7327 3331 8336 6447 1174 8405 36 8365 5178 5895 3665 9703 7881 8377
18 2247 6123 6756 4830 9751 1346 9809 6589 2406 9298 4394 4264 4329 1961 7123 9061 8210 4243
27 3156 9935 4833 6420 5158 1215 9466 1523 8164 7274 4406 3846 7334 249 7189 2517 8388 7447 2820 3309 804 8777 2298 2608 8519 1418 2225
16 4309 1838 5466 3462 9947 8192 5492 5506 8180 4193 3637 5142 3080 274 455 7252
22 7965 3655 7347 9462 1743 5778 2595 3912 9448 4175 4262 5397 8964 3150 9434 9690 4269 6112 1614 5587 980 8949
23 5649 8412 5260 9623 4019 1810 7967 7998 6908 4121 5000 1011 2283 1092 1028 2050 5044 7039 7489 188 2019 8089 2848
31 5086 1170 9503 601 4297 832 8191 8695 374 1595 8644 9264 2086 3761 4550 1396 122 8009 6678 7291 7591 393 3662 2575 4075 7739 6144 5811 3134 4145 8700
25 1209 7435 6786 4349 3840 4065 2693 2621 6231 4591 3277 9894 3438 5401 4427 4102 466 4261 5342 3238 5011 4133 2862 4392 3969
25 222 7993 9316 4686 9042 3993 1886 5622 2270 7014 7918 5005 3 1296 537 2354 6995 6564 5634 1080 9660 6348 3792 6051 3528
21 8773 7940 7266 4770 1501 9630 4388 8841 347 4719 7545 2149 373 861 4755 7396 3492 8666 535 7214 6322
28 9003 8932 7117 8835 4050 8093 982 9923 8228 2362 1412 6882 4775 6681 3269 1411 8863 1918 8704 3525 2127 6194 6411 6964 1751 8654 9176 2530
17 580 9685 2198 5566 1873 9130 4017 5553 7992 5276 6673 2637 2908 926 4911 9025 3347
29 920 4781 457 2382 9419 66 7278 7746 294 7516 9882 1393 8334 3536 5687 4560 2104 1775 5795 9351 5 5469 7469 2629 2786 1514 6246 1137 9146
24 4618 6502 2143 6327 2577 8504 5088 8300 7604 377 6659 582 3699 9378 9643 9533 8199 1821 4303 1680 6250 1115 6124 1948
18 7499 6662 873 3292 4237 3300 556 8004 8017 931 2331 6046 8893 4570 9898 9336 8898 6148
25 6649 2512 8207 511 5656 660 4709 6850 5211 7645 3085 4978 7340 9902 1926 2834 5470 4210 9312 1007 5283 8015 3171 807 6467
11 6913 6875 419 1628 8071 2767 3718 5974 9058 7460 8429
33 8086 3024 565 9735 5830 5045 1257 5564 6056 3007 3854 3967 112 8491 6774 9384 8127 836 9230 5820 6071 9715 7838 9323 9875 648 6958 4994 8454 1202 2321 653 9673
12 7561 8586 3541 780 6575 5287 553 6243 1067 3848 4683 3259
28 9523 1860 9011 3594 9109 4792 3648 5702 6757 1069 8843 320 2561 7520 2003 2676 6945 6408 7038 2953 7257 1935 5817 5676 8337 391 1343 5586
16 1563 6066 461 6566 8125 1922 4691 955 4242 2457 2253 5592 4553 6507 3562 5055
23 24 739 7768 1843 1685 225 7096 9263 9222 7532 397 6391 5329 6146 3625 2358 6396 8471 2918 2226 4900 2255 2445
11 8703 1323 1121 1260 7174 7901 3530 9082 9272 1061 3207
30 8787 7677 6711 977 6886 8597 5579 9133 7971 7857 8551 2179 4856 4985 2148 7099 2447 5149 2232 2666 5261 4943 9308 2481 8452 5434 7481 5224 579 4622
24 6044 9306 9744 6523 6196 6272 7745 8245 9479 8431 7865 1065 909 6522 5274 9183 577 3979 3312 932 8982 8606 7533 3313
28 1005 7129 8832 3739 7882 3759 649 9228 2760 4221 9022 7842 2978 6326 4805 5522 276 3519 2454 2266 2689 4337 3713 3627 1909 7057 8106 2794
32 3988 1630 9320 3490 4657 1106 617 4605 8101 9232 1197 4802 4002 5692 5715 8627 1781 9783 7354 6709 1678 7835 5325 2257 2521 2259 6057 2046 948 9097 1247 1006
25 2944 4255 8766 4957 6648 7239 938 490 4055 7389 6240 7626 2903 2892 5738 8006 2619 1085 9414 7983 2219 1148 9878 432 7058
30 4679 3119 3970 4356 9963 1220 987 9000 9553 9843 8025 8074 5958 3832 815 3242 9204 8852 5165 2063 8716 9465 9427 13 108 7138 7219 8044 994 5841
22 4307 2738 6741 4875 4405 7364 7411 643 2407 6699 8492 8218 7125 1265 5590 8340 8975 251 9024 9771 4091 3533
26 6412 4208 4794 284 8681 4659 4607 8761 7275 2264 5670 6920 7262 7538 4357 4009 5320 8050 6229 8839 6499 5825 4 2243 749 2983
30 7952 3208 7379 1422 5123 9192 7296 3977 4997 1342 733 731 195 9688 8846 6918 9115 5013 8781 6899 5580 221 7202 7996 2554 8939 6931 383 56 398
20 6418 9595 2780 7085 1627 2741 5853 6422 7216 189 5394 7809 7089 3084 7409 7311 8980 7906 2772 3021
18 6694 7319 3066 4141 7092 2696 9684 1862 2866 229 8825 5814 5242 6368 8612 5390 1887 1212
23 4882 5990 1959 9702 1324 9647 3099 8956 5700 9167 6684 4106 6974 5763 6847 9594 6320 7970 5216 3324 2007 9915 7459
11 8587 9087 4507 3936 5531 1149 8251 7784 5230 7976 9677
34 8179 400 3557 7152 853 7315 3981 5619 3314 2645 458 8366 3139 8692 4460 3980 8360 4579 3878 806 3670 3521 1895 9098 7688 7405 9719 3922 2606 70 925 9918 9700 2509
7 1515 8425 2511 839 6293 1817 7235
29 741 627 4630 6128 5054 2781 6639 5170 2453 4584 2769 7502 8926 9709 776 1468 6906 2162 605 9978 7979 9567 7350 9307 1290 1677 8674 9396 2221
28 3103 2079 6208 2787 6927 4593 5405 2809 5219 536 2804 2241 4564 1283 1073 2431 5257 8569 4191 631 5266 1044 2946 9294 302 8622 5696 4538
21 7318 7346 5250 7065 7904 6444 1053 8829 217 9244 5509 5151 746 7095 1064 6959 5474 7133 3712 5629 7173
24 4829 5782 6211 3070 5092 134 6556 4235 1533 8003 9001 7018 5728 5767 8944 4945 4956 7801 2073 4057 7042 9776 8884 5504
32 6706 7020 5636 8285 5620 7883 7232 5584 921 2969 8945 9859 6114 8749 1217 9879 1953 4053 8907 5220 1124 5128 3427 3059 4928 2936 6979 8503 8409 2103 1865 5370
30 5717 2123 8309 5663 1797 6512 9158 7697 5221 2948 8099 8963 6167 4632 9665 5255 9788 9173 9094 7300 9008 479 3983 2277 6881 7772 5854 5977 3458 3125
28 585 6110 2147 6842 9164 1835 871 2108 254 5941 7749 6726 8903 6137 7549 5992 8039 8201 4454 551 5945 236 5544 1878 1663 5647 3620 8022
29 7929 726 5425 35 7208 552 1181 9070 5847 350 2931 1516 929 4512 8381 668 814 2380 3223 3943 9891 2136 4230 9168 3928 4160 3929 295 3569
29 2720 4873 3572 9944 448 6356 5267 7665 1443 9408 6094 3986 4840 9302 5385 7635 1457 4165 9973 8762 6828 1829 7251 143 4649 480 3543 557 4725
19 7913 3325 7730 4130 4398 3133 8296 8266 365 538 5391 9079 1690 5271 386 7721 5412 3516 1114
35 5335 2296 5710 3512 5234 9832 2613 1511 9132 1455 7984 7415 1338 8134 3295 3597 9444 1761 3130 3241 7734 3908 7328 8496 3595 8985 3379 7845 6992 6508 6318 6509 6365 438 6111
23 6277 6139 1530 5282 4250 3051 8353 2640 106 7764 163 3750 2043 6203 6769 1289 2971 5980 9372 2131 1772 6665 3737
14 8395 902 5205 7557 8682 8546 4301 1129 1158 1507 1868 3310 9259 5646
33 7475 6794 4575 1640 5668 3370 645 4099 2505 6737 7316 6103 9221 7004 9541 9447 8347 875 2403 4341 2701 765 4672 8196 6217 1938 6955 1903 3522 2853 2839 5265 1377
7 6115 1438 4233 1276 2573 5174 4750
30 113 3104 9586 7382 6652 6809 2304 5426 6178 1476 275 8383 2829 543 8166 8268 5002 4259 4710 6552 2582 2155 4589 8240 3041 6401 488 7356 4156 976
15 1135 9848 7288 2860 7056 9772 5096 6291 5515 5130 5613 8552 6073 5046 6870
32 3149 9920 1223 9769 4376 9492 6638 7912 2665 4477 2290 9073 6301 4515 6406 3392 5600 8725 1031 5122 6543 3336 743 9883 8387 9726 3941 7395 2318 2998 4127 9380
21 2519 9820 7585 2399 3795 6340 9617 2817 8378 8719 628 6732 9597 1877 54 8684 3899 3762 828 2337 5672
15 9325 3358 6154 5789 1673 8526 1225 6136 2704 401 7310 8613 6087 2691 3723